#Software: Microsoft Internet Information Services 10.0
#Version: 1.0
#Date: 2016-03-07 17:57:51
#Fields: date time s-ip cs-method cs-uri-stem cs-uri-query s-port cs-username c-ip cs(User-Agent) cs(Referer) sc-status sc-substatus sc-win32-status time-taken
2016-03-07 17:57:51 ::1 GET /index.aspx - 50923 - ::1 Mozilla/5.0+(Windows+NT+10.0)+AppleWebKit/537.36+(KHTML,+like+Gecko)+Chrome/48.0.2564.116+Safari/537.36 - 500 0 0 399700
2016-03-07 17:57:53 ::1 GET /favicon.ico - 50923 - ::1 Mozilla/5.0+(Windows+NT+10.0)+AppleWebKit/537.36+(KHTML,+like+Gecko)+Chrome/48.0.2564.116+Safari/537.36 http://localhost:50923/index.aspx 404 0 2 85
2016-03-07 18:07:16 ::1 GET /index.aspx - 50923 - ::1 Mozilla/5.0+(Windows+NT+10.0)+AppleWebKit/537.36+(KHTML,+like+Gecko)+Chrome/48.0.2564.116+Safari/537.36 - 500 0 64 367052
2016-03-07 18:08:09 ::1 GET /index.aspx - 50923 - ::1 Mozilla/5.0+(Windows+NT+10.0)+AppleWebKit/537.36+(KHTML,+like+Gecko)+Chrome/48.0.2564.116+Safari/537.36 - 200 0 0 16022
2016-03-07 18:08:09 ::1 GET /css/main.css - 50923 - ::1 Mozilla/5.0+(Windows+NT+10.0)+AppleWebKit/537.36+(KHTML,+like+Gecko)+Chrome/48.0.2564.116+Safari/537.36 http://localhost:50923/index.aspx 200 0 0 274
2016-03-07 18:08:09 ::1 GET /img/search.png - 50923 - ::1 Mozilla/5.0+(Windows+NT+10.0)+AppleWebKit/537.36+(KHTML,+like+Gecko)+Chrome/48.0.2564.116+Safari/537.36 http://localhost:50923/index.aspx 404 0 2 177
2016-03-07 18:08:09 ::1 GET /css/bootstrap.css - 50923 - ::1 Mozilla/5.0+(Windows+NT+10.0)+AppleWebKit/537.36+(KHTML,+like+Gecko)+Chrome/48.0.2564.116+Safari/537.36 http://localhost:50923/index.aspx 200 0 0 416
2016-03-07 18:08:09 ::1 GET /images/famoso.jpg - 50923 - ::1 Mozilla/5.0+(Windows+NT+10.0)+AppleWebKit/537.36+(KHTML,+like+Gecko)+Chrome/48.0.2564.116+Safari/537.36 http://localhost:50923/index.aspx 404 0 2 134
2016-03-07 18:08:09 ::1 GET /images/almond.jpg - 50923 - ::1 Mozilla/5.0+(Windows+NT+10.0)+AppleWebKit/537.36+(KHTML,+like+Gecko)+Chrome/48.0.2564.116+Safari/537.36 http://localhost:50923/index.aspx 200 0 0 135
2016-03-07 18:08:09 ::1 GET /images/rustica.jpg - 50923 - ::1 Mozilla/5.0+(Windows+NT+10.0)+AppleWebKit/537.36+(KHTML,+like+Gecko)+Chrome/48.0.2564.116+Safari/537.36 http://localhost:50923/index.aspx 200 0 0 175
2016-03-07 18:08:10 ::1 GET /images/moxie.jpg - 50923 - ::1 Mozilla/5.0+(Windows+NT+10.0)+AppleWebKit/537.36+(KHTML,+like+Gecko)+Chrome/48.0.2564.116+Safari/537.36 http://localhost:50923/index.aspx 200 0 0 463
2016-03-07 18:08:10 ::1 GET /images/loving_hut.jpg - 50923 - ::1 Mozilla/5.0+(Windows+NT+10.0)+AppleWebKit/537.36+(KHTML,+like+Gecko)+Chrome/48.0.2564.116+Safari/537.36 http://localhost:50923/index.aspx 200 0 0 463
2016-03-07 18:08:10 ::1 GET /images/feast.jpg - 50923 - ::1 Mozilla/5.0+(Windows+NT+10.0)+AppleWebKit/537.36+(KHTML,+like+Gecko)+Chrome/48.0.2564.116+Safari/537.36 http://localhost:50923/index.aspx 200 0 0 463
2016-03-07 18:08:10 ::1 GET /images/keg.jpg - 50923 - ::1 Mozilla/5.0+(Windows+NT+10.0)+AppleWebKit/537.36+(KHTML,+like+Gecko)+Chrome/48.0.2564.116+Safari/537.36 http://localhost:50923/index.aspx 200 0 0 500
2016-03-07 18:08:10 ::1 GET /images/sneaky.jpg - 50923 - ::1 Mozilla/5.0+(Windows+NT+10.0)+AppleWebKit/537.36+(KHTML,+like+Gecko)+Chrome/48.0.2564.116+Safari/537.36 http://localhost:50923/index.aspx 200 0 0 509
2016-03-07 18:08:10 ::1 GET /images/poutinis.jpg - 50923 - ::1 Mozilla/5.0+(Windows+NT+10.0)+AppleWebKit/537.36+(KHTML,+like+Gecko)+Chrome/48.0.2564.116+Safari/537.36 http://localhost:50923/index.aspx 200 0 0 266
2016-03-07 18:08:10 ::1 GET /img/search.png - 50923 - ::1 Mozilla/5.0+(Windows+NT+10.0)+AppleWebKit/537.36+(KHTML,+like+Gecko)+Chrome/48.0.2564.116+Safari/537.36 http://localhost:50923/index.aspx 404 0 2 214
2016-03-07 18:08:10 ::1 GET /images/swiss_chalet.jpg - 50923 - ::1 Mozilla/5.0+(Windows+NT+10.0)+AppleWebKit/537.36+(KHTML,+like+Gecko)+Chrome/48.0.2564.116+Safari/537.36 http://localhost:50923/index.aspx 200 0 0 302
2016-03-07 18:08:10 ::1 GET /images/pizzaiolo.jpg - 50923 - ::1 Mozilla/5.0+(Windows+NT+10.0)+AppleWebKit/537.36+(KHTML,+like+Gecko)+Chrome/48.0.2564.116+Safari/537.36 http://localhost:50923/index.aspx 200 0 0 409
2016-03-07 18:08:19 ::1 GET /__browserLink/requestData/8ac31bd678924206bd08071038b75d02 version=2 50923 - ::1 Mozilla/5.0+(Windows+NT+10.0)+AppleWebKit/537.36+(KHTML,+like+Gecko)+Chrome/48.0.2564.116+Safari/537.36 http://localhost:50923/index.aspx 200 0 0 535
2016-03-07 18:10:29 ::1 GET /index.aspx - 50923 - ::1 Mozilla/5.0+(Windows+NT+10.0)+AppleWebKit/537.36+(KHTML,+like+Gecko)+Chrome/48.0.2564.116+Safari/537.36 - 200 0 0 3883
2016-03-07 18:10:29 ::1 GET /img/search.png - 50923 - ::1 Mozilla/5.0+(Windows+NT+10.0)+AppleWebKit/537.36+(KHTML,+like+Gecko)+Chrome/48.0.2564.116+Safari/537.36 http://localhost:50923/index.aspx 404 0 2 70
2016-03-07 18:10:29 ::1 GET /images/famoso.jpg - 50923 - ::1 Mozilla/5.0+(Windows+NT+10.0)+AppleWebKit/537.36+(KHTML,+like+Gecko)+Chrome/48.0.2564.116+Safari/537.36 http://localhost:50923/index.aspx 404 0 2 71
2016-03-07 18:10:31 ::1 GET /img/search.png - 50923 - ::1 Mozilla/5.0+(Windows+NT+10.0)+AppleWebKit/537.36+(KHTML,+like+Gecko)+Chrome/48.0.2564.116+Safari/537.36 http://localhost:50923/index.aspx 404 0 2 10
2016-03-07 18:10:34 ::1 GET /__browserLink/requestData/05f3c9be675e44b3baf35c15666b5eb2 version=2 50923 - ::1 Mozilla/5.0+(Windows+NT+10.0)+AppleWebKit/537.36+(KHTML,+like+Gecko)+Chrome/48.0.2564.116+Safari/537.36 http://localhost:50923/index.aspx 200 0 0 224
2016-03-07 18:11:01 ::1 POST /index.aspx - 50923 - ::1 Mozilla/5.0+(Windows+NT+10.0)+AppleWebKit/537.36+(KHTML,+like+Gecko)+Chrome/48.0.2564.116+Safari/537.36 http://localhost:50923/index.aspx 200 0 0 3280
2016-03-07 18:11:02 ::1 GET /img/search.png - 50923 - ::1 Mozilla/5.0+(Windows+NT+10.0)+AppleWebKit/537.36+(KHTML,+like+Gecko)+Chrome/48.0.2564.116+Safari/537.36 http://localhost:50923/index.aspx 404 0 2 88
2016-03-07 18:11:02 ::1 GET /img/search.png - 50923 - ::1 Mozilla/5.0+(Windows+NT+10.0)+AppleWebKit/537.36+(KHTML,+like+Gecko)+Chrome/48.0.2564.116+Safari/537.36 http://localhost:50923/index.aspx 404 0 2 17
2016-03-07 18:11:05 ::1 GET /__browserLink/requestData/f52a817b4a874eabb58e2ed6ddf6b006 version=2 50923 - ::1 Mozilla/5.0+(Windows+NT+10.0)+AppleWebKit/537.36+(KHTML,+like+Gecko)+Chrome/48.0.2564.116+Safari/537.36 http://localhost:50923/index.aspx 200 0 0 465
2016-03-07 18:11:08 ::1 GET /Home - 50923 - ::1 Mozilla/5.0+(Windows+NT+10.0)+AppleWebKit/537.36+(KHTML,+like+Gecko)+Chrome/48.0.2564.116+Safari/537.36 http://localhost:50923/index.aspx 404 0 2 69
2016-03-07 18:11:14 ::1 GET / - 50923 - ::1 Mozilla/5.0+(Windows+NT+10.0)+AppleWebKit/537.36+(KHTML,+like+Gecko)+Chrome/48.0.2564.116+Safari/537.36 http://localhost:50923/index.aspx 200 0 0 997
2016-03-07 18:11:14 ::1 GET /img/search.png - 50923 - ::1 Mozilla/5.0+(Windows+NT+10.0)+AppleWebKit/537.36+(KHTML,+like+Gecko)+Chrome/48.0.2564.116+Safari/537.36 http://localhost:50923/ 404 0 2 94
2016-03-07 18:11:14 ::1 GET /images/famoso.jpg - 50923 - ::1 Mozilla/5.0+(Windows+NT+10.0)+AppleWebKit/537.36+(KHTML,+like+Gecko)+Chrome/48.0.2564.116+Safari/537.36 http://localhost:50923/ 404 0 2 114
2016-03-07 18:11:16 ::1 GET /__browserLink/requestData/aac3487a785446b29d83dcc702ed9aab version=2 50923 - ::1 Mozilla/5.0+(Windows+NT+10.0)+AppleWebKit/537.36+(KHTML,+like+Gecko)+Chrome/48.0.2564.116+Safari/537.36 http://localhost:50923/ 200 0 0 136
2016-03-07 18:12:05 ::1 POST / - 50923 - ::1 Mozilla/5.0+(Windows+NT+10.0)+AppleWebKit/537.36+(KHTML,+like+Gecko)+Chrome/48.0.2564.116+Safari/537.36 http://localhost:50923/ 200 0 0 1017
2016-03-07 18:12:05 ::1 GET /css/main.css - 50923 - ::1 Mozilla/5.0+(Windows+NT+10.0)+AppleWebKit/537.36+(KHTML,+like+Gecko)+Chrome/48.0.2564.116+Safari/537.36 http://localhost:50923/ 304 0 0 96
2016-03-07 18:12:05 ::1 GET /img/search.png - 50923 - ::1 Mozilla/5.0+(Windows+NT+10.0)+AppleWebKit/537.36+(KHTML,+like+Gecko)+Chrome/48.0.2564.116+Safari/537.36 http://localhost:50923/ 404 0 2 96
2016-03-07 18:12:05 ::1 GET /css/bootstrap.css - 50923 - ::1 Mozilla/5.0+(Windows+NT+10.0)+AppleWebKit/537.36+(KHTML,+like+Gecko)+Chrome/48.0.2564.116+Safari/537.36 http://localhost:50923/ 304 0 0 212
2016-03-07 18:12:05 ::1 GET /images/famoso.jpg - 50923 - ::1 Mozilla/5.0+(Windows+NT+10.0)+AppleWebKit/537.36+(KHTML,+like+Gecko)+Chrome/48.0.2564.116+Safari/537.36 http://localhost:50923/ 404 0 2 84
2016-03-07 18:12:05 ::1 GET /img/search.png - 50923 - ::1 Mozilla/5.0+(Windows+NT+10.0)+AppleWebKit/537.36+(KHTML,+like+Gecko)+Chrome/48.0.2564.116+Safari/537.36 http://localhost:50923/ 404 0 2 69
2016-03-07 18:12:05 ::1 GET /__browserLink/requestData/a1d4276879534c4b86a3fa25081180a6 version=2 50923 - ::1 Mozilla/5.0+(Windows+NT+10.0)+AppleWebKit/537.36+(KHTML,+like+Gecko)+Chrome/48.0.2564.116+Safari/537.36 http://localhost:50923/ 200 0 0 28
2016-03-07 18:12:09 ::1 GET / - 50923 - ::1 Mozilla/5.0+(Windows+NT+10.0)+AppleWebKit/537.36+(KHTML,+like+Gecko)+Chrome/48.0.2564.116+Safari/537.36 http://localhost:50923/ 200 0 0 10
2016-03-07 18:12:09 ::1 GET /img/search.png - 50923 - ::1 Mozilla/5.0+(Windows+NT+10.0)+AppleWebKit/537.36+(KHTML,+like+Gecko)+Chrome/48.0.2564.116+Safari/537.36 http://localhost:50923/ 404 0 2 71
2016-03-07 18:12:09 ::1 GET /images/famoso.jpg - 50923 - ::1 Mozilla/5.0+(Windows+NT+10.0)+AppleWebKit/537.36+(KHTML,+like+Gecko)+Chrome/48.0.2564.116+Safari/537.36 http://localhost:50923/ 404 0 2 115
2016-03-07 18:12:09 ::1 GET /images/rustica.jpg - 50923 - ::1 Mozilla/5.0+(Windows+NT+10.0)+AppleWebKit/537.36+(KHTML,+like+Gecko)+Chrome/48.0.2564.116+Safari/537.36 http://localhost:50923/ 304 0 0 355
2016-03-07 18:12:09 ::1 GET /images/almond.jpg - 50923 - ::1 Mozilla/5.0+(Windows+NT+10.0)+AppleWebKit/537.36+(KHTML,+like+Gecko)+Chrome/48.0.2564.116+Safari/537.36 http://localhost:50923/ 304 0 0 355
2016-03-07 18:12:09 ::1 GET /images/moxie.jpg - 50923 - ::1 Mozilla/5.0+(Windows+NT+10.0)+AppleWebKit/537.36+(KHTML,+like+Gecko)+Chrome/48.0.2564.116+Safari/537.36 http://localhost:50923/ 304 0 0 355
2016-03-07 18:12:09 ::1 GET /images/loving_hut.jpg - 50923 - ::1 Mozilla/5.0+(Windows+NT+10.0)+AppleWebKit/537.36+(KHTML,+like+Gecko)+Chrome/48.0.2564.116+Safari/537.36 http://localhost:50923/ 304 0 0 355
2016-03-07 18:12:09 ::1 GET /images/feast.jpg - 50923 - ::1 Mozilla/5.0+(Windows+NT+10.0)+AppleWebKit/537.36+(KHTML,+like+Gecko)+Chrome/48.0.2564.116+Safari/537.36 http://localhost:50923/ 304 0 0 547
2016-03-07 18:12:09 ::1 GET /images/keg.jpg - 50923 - ::1 Mozilla/5.0+(Windows+NT+10.0)+AppleWebKit/537.36+(KHTML,+like+Gecko)+Chrome/48.0.2564.116+Safari/537.36 http://localhost:50923/ 304 0 0 530
2016-03-07 18:12:09 ::1 GET /images/poutinis.jpg - 50923 - ::1 Mozilla/5.0+(Windows+NT+10.0)+AppleWebKit/537.36+(KHTML,+like+Gecko)+Chrome/48.0.2564.116+Safari/537.36 http://localhost:50923/ 304 0 0 290
2016-03-07 18:12:09 ::1 GET /images/sneaky.jpg - 50923 - ::1 Mozilla/5.0+(Windows+NT+10.0)+AppleWebKit/537.36+(KHTML,+like+Gecko)+Chrome/48.0.2564.116+Safari/537.36 http://localhost:50923/ 304 0 0 290
2016-03-07 18:12:09 ::1 GET /images/pizzaiolo.jpg - 50923 - ::1 Mozilla/5.0+(Windows+NT+10.0)+AppleWebKit/537.36+(KHTML,+like+Gecko)+Chrome/48.0.2564.116+Safari/537.36 http://localhost:50923/ 304 0 0 363
2016-03-07 18:12:09 ::1 GET /images/swiss_chalet.jpg - 50923 - ::1 Mozilla/5.0+(Windows+NT+10.0)+AppleWebKit/537.36+(KHTML,+like+Gecko)+Chrome/48.0.2564.116+Safari/537.36 http://localhost:50923/ 304 0 0 363
2016-03-07 18:12:10 ::1 GET /__browserLink/requestData/3560178d13a94435915453603207ecda version=2 50923 - ::1 Mozilla/5.0+(Windows+NT+10.0)+AppleWebKit/537.36+(KHTML,+like+Gecko)+Chrome/48.0.2564.116+Safari/537.36 http://localhost:50923/ 200 0 0 119
