#Software: Microsoft Internet Information Services 10.0
#Version: 1.0
#Date: 2016-03-08 02:02:57
#Fields: date time s-ip cs-method cs-uri-stem cs-uri-query s-port cs-username c-ip cs(User-Agent) cs(Referer) sc-status sc-substatus sc-win32-status time-taken
2016-03-08 02:02:57 ::1 GET /index.aspx - 51826 - ::1 Mozilla/5.0+(Windows+NT+10.0)+AppleWebKit/537.36+(KHTML,+like+Gecko)+Chrome/48.0.2564.116+Safari/537.36 - 200 0 0 30757
2016-03-08 02:02:58 ::1 GET /css/main.css - 51826 - ::1 Mozilla/5.0+(Windows+NT+10.0)+AppleWebKit/537.36+(KHTML,+like+Gecko)+Chrome/48.0.2564.116+Safari/537.36 http://localhost:51826/index.aspx 200 0 0 529
2016-03-08 02:02:58 ::1 GET /img/search.png - 51826 - ::1 Mozilla/5.0+(Windows+NT+10.0)+AppleWebKit/537.36+(KHTML,+like+Gecko)+Chrome/48.0.2564.116+Safari/537.36 http://localhost:51826/index.aspx 404 0 2 456
2016-03-08 02:02:58 ::1 GET /css/bootstrap.css - 51826 - ::1 Mozilla/5.0+(Windows+NT+10.0)+AppleWebKit/537.36+(KHTML,+like+Gecko)+Chrome/48.0.2564.116+Safari/537.36 http://localhost:51826/index.aspx 200 0 0 636
2016-03-08 02:02:58 ::1 GET /images/famoso.jpg - 51826 - ::1 Mozilla/5.0+(Windows+NT+10.0)+AppleWebKit/537.36+(KHTML,+like+Gecko)+Chrome/48.0.2564.116+Safari/537.36 http://localhost:51826/index.aspx 404 0 2 162
2016-03-08 02:02:58 ::1 GET /images/almond.jpg - 51826 - ::1 Mozilla/5.0+(Windows+NT+10.0)+AppleWebKit/537.36+(KHTML,+like+Gecko)+Chrome/48.0.2564.116+Safari/537.36 http://localhost:51826/index.aspx 200 0 0 165
2016-03-08 02:02:58 ::1 GET /images/rustica.jpg - 51826 - ::1 Mozilla/5.0+(Windows+NT+10.0)+AppleWebKit/537.36+(KHTML,+like+Gecko)+Chrome/48.0.2564.116+Safari/537.36 http://localhost:51826/index.aspx 200 0 0 230
2016-03-08 02:02:58 ::1 GET /images/loving_hut.jpg - 51826 - ::1 Mozilla/5.0+(Windows+NT+10.0)+AppleWebKit/537.36+(KHTML,+like+Gecko)+Chrome/48.0.2564.116+Safari/537.36 http://localhost:51826/index.aspx 200 0 0 279
2016-03-08 02:02:58 ::1 GET /images/feast.jpg - 51826 - ::1 Mozilla/5.0+(Windows+NT+10.0)+AppleWebKit/537.36+(KHTML,+like+Gecko)+Chrome/48.0.2564.116+Safari/537.36 http://localhost:51826/index.aspx 200 0 0 385
2016-03-08 02:02:58 ::1 GET /images/moxie.jpg - 51826 - ::1 Mozilla/5.0+(Windows+NT+10.0)+AppleWebKit/537.36+(KHTML,+like+Gecko)+Chrome/48.0.2564.116+Safari/537.36 http://localhost:51826/index.aspx 200 0 0 385
2016-03-08 02:02:58 ::1 GET /images/keg.jpg - 51826 - ::1 Mozilla/5.0+(Windows+NT+10.0)+AppleWebKit/537.36+(KHTML,+like+Gecko)+Chrome/48.0.2564.116+Safari/537.36 http://localhost:51826/index.aspx 200 0 0 307
2016-03-08 02:02:58 ::1 GET /images/sneaky.jpg - 51826 - ::1 Mozilla/5.0+(Windows+NT+10.0)+AppleWebKit/537.36+(KHTML,+like+Gecko)+Chrome/48.0.2564.116+Safari/537.36 http://localhost:51826/index.aspx 200 0 0 359
2016-03-08 02:02:58 ::1 GET /images/poutinis.jpg - 51826 - ::1 Mozilla/5.0+(Windows+NT+10.0)+AppleWebKit/537.36+(KHTML,+like+Gecko)+Chrome/48.0.2564.116+Safari/537.36 http://localhost:51826/index.aspx 200 0 0 279
2016-03-08 02:02:58 ::1 GET /images/pizzaiolo.jpg - 51826 - ::1 Mozilla/5.0+(Windows+NT+10.0)+AppleWebKit/537.36+(KHTML,+like+Gecko)+Chrome/48.0.2564.116+Safari/537.36 http://localhost:51826/index.aspx 200 0 0 251
2016-03-08 02:02:59 ::1 GET /images/swiss_chalet.jpg - 51826 - ::1 Mozilla/5.0+(Windows+NT+10.0)+AppleWebKit/537.36+(KHTML,+like+Gecko)+Chrome/48.0.2564.116+Safari/537.36 http://localhost:51826/index.aspx 200 0 0 275
2016-03-08 02:02:59 ::1 GET /img/search.png - 51826 - ::1 Mozilla/5.0+(Windows+NT+10.0)+AppleWebKit/537.36+(KHTML,+like+Gecko)+Chrome/48.0.2564.116+Safari/537.36 http://localhost:51826/index.aspx 404 0 2 29
2016-03-08 02:02:59 ::1 GET /images/famoso.jpg - 51826 - ::1 Mozilla/5.0+(Windows+NT+10.0)+AppleWebKit/537.36+(KHTML,+like+Gecko)+Chrome/48.0.2564.116+Safari/537.36 http://localhost:51826/index.aspx 404 0 2 60
2016-03-08 02:03:00 ::1 GET /favicon.ico - 51826 - ::1 Mozilla/5.0+(Windows+NT+10.0)+AppleWebKit/537.36+(KHTML,+like+Gecko)+Chrome/48.0.2564.116+Safari/537.36 http://localhost:51826/index.aspx 404 0 2 27
2016-03-08 02:03:05 ::1 GET /__browserLink/requestData/22ee5fcdf97e46129bedcc9bb2597a7e version=2 51826 - ::1 Mozilla/5.0+(Windows+NT+10.0)+AppleWebKit/537.36+(KHTML,+like+Gecko)+Chrome/48.0.2564.116+Safari/537.36 http://localhost:51826/index.aspx 200 0 0 760
2016-03-08 02:11:23 ::1 GET /index.aspx - 51826 - ::1 Mozilla/5.0+(Windows+NT+10.0)+AppleWebKit/537.36+(KHTML,+like+Gecko)+Chrome/48.0.2564.116+Safari/537.36 - 200 0 0 14234
2016-03-08 02:11:27 ::1 GET /__browserLink/requestData/539019c716314c0a9bc0a31c290f524c version=2 51826 - ::1 Mozilla/5.0+(Windows+NT+10.0)+AppleWebKit/537.36+(KHTML,+like+Gecko)+Chrome/48.0.2564.116+Safari/537.36 http://localhost:51826/index.aspx 200 0 0 411
2016-03-08 02:11:29 ::1 GET /css/main.css - 51826 - ::1 Mozilla/5.0+(Windows+NT+10.0)+AppleWebKit/537.36+(KHTML,+like+Gecko)+Chrome/48.0.2564.116+Safari/537.36 http://localhost:51826/index.aspx 200 0 0 51
2016-03-08 02:11:29 ::1 GET /img/search.png - 51826 - ::1 Mozilla/5.0+(Windows+NT+10.0)+AppleWebKit/537.36+(KHTML,+like+Gecko)+Chrome/48.0.2564.116+Safari/537.36 http://localhost:51826/index.aspx 404 0 2 81
2016-03-08 02:11:29 ::1 GET /images/famoso.jpg - 51826 - ::1 Mozilla/5.0+(Windows+NT+10.0)+AppleWebKit/537.36+(KHTML,+like+Gecko)+Chrome/48.0.2564.116+Safari/537.36 http://localhost:51826/index.aspx 404 0 2 34
2016-03-08 02:11:29 ::1 GET /img/search.png - 51826 - ::1 Mozilla/5.0+(Windows+NT+10.0)+AppleWebKit/537.36+(KHTML,+like+Gecko)+Chrome/48.0.2564.116+Safari/537.36 http://localhost:51826/index.aspx 404 0 2 29
2016-03-08 02:11:29 ::1 GET /images/famoso.jpg - 51826 - ::1 Mozilla/5.0+(Windows+NT+10.0)+AppleWebKit/537.36+(KHTML,+like+Gecko)+Chrome/48.0.2564.116+Safari/537.36 http://localhost:51826/index.aspx 404 0 2 52
2016-03-08 02:11:33 ::1 GET /images/food-salad-restaurant-person.jpg - 51826 - ::1 Mozilla/5.0+(Windows+NT+10.0)+AppleWebKit/537.36+(KHTML,+like+Gecko)+Chrome/48.0.2564.116+Safari/537.36 http://localhost:51826/css/main.css 200 0 0 4164
2016-03-08 02:13:42 ::1 GET /index.aspx - 51826 - ::1 Mozilla/5.0+(Windows+NT+10.0)+AppleWebKit/537.36+(KHTML,+like+Gecko)+Chrome/48.0.2564.116+Safari/537.36 - 200 0 0 4448
2016-03-08 02:13:42 ::1 GET /img/search.png - 51826 - ::1 Mozilla/5.0+(Windows+NT+10.0)+AppleWebKit/537.36+(KHTML,+like+Gecko)+Chrome/48.0.2564.116+Safari/537.36 http://localhost:51826/index.aspx 404 0 2 75
2016-03-08 02:13:42 ::1 GET /css/main.css - 51826 - ::1 Mozilla/5.0+(Windows+NT+10.0)+AppleWebKit/537.36+(KHTML,+like+Gecko)+Chrome/48.0.2564.116+Safari/537.36 http://localhost:51826/index.aspx 200 0 0 125
2016-03-08 02:13:42 ::1 GET /images/famoso.jpg - 51826 - ::1 Mozilla/5.0+(Windows+NT+10.0)+AppleWebKit/537.36+(KHTML,+like+Gecko)+Chrome/48.0.2564.116+Safari/537.36 http://localhost:51826/index.aspx 404 0 2 136
2016-03-08 02:13:44 ::1 GET /img/search.png - 51826 - ::1 Mozilla/5.0+(Windows+NT+10.0)+AppleWebKit/537.36+(KHTML,+like+Gecko)+Chrome/48.0.2564.116+Safari/537.36 http://localhost:51826/index.aspx 404 0 2 60
2016-03-08 02:13:44 ::1 GET /images/food-salad-restaurant-person.jpg - 51826 - ::1 Mozilla/5.0+(Windows+NT+10.0)+AppleWebKit/537.36+(KHTML,+like+Gecko)+Chrome/48.0.2564.116+Safari/537.36 http://localhost:51826/css/main.css 304 0 0 178
2016-03-08 02:13:53 ::1 GET /__browserLink/requestData/4b6ec4ddd43e498eb4724f3cf1c21455 version=2 51826 - ::1 Mozilla/5.0+(Windows+NT+10.0)+AppleWebKit/537.36+(KHTML,+like+Gecko)+Chrome/48.0.2564.116+Safari/537.36 http://localhost:51826/index.aspx 200 0 0 912
2016-03-08 02:17:44 ::1 GET /index.aspx - 51826 - ::1 Mozilla/5.0+(Windows+NT+10.0)+AppleWebKit/537.36+(KHTML,+like+Gecko)+Chrome/48.0.2564.116+Safari/537.36 - 200 0 0 13946
2016-03-08 02:17:44 ::1 GET /css/main.css - 51826 - ::1 Mozilla/5.0+(Windows+NT+10.0)+AppleWebKit/537.36+(KHTML,+like+Gecko)+Chrome/48.0.2564.116+Safari/537.36 http://localhost:51826/index.aspx 200 0 0 116
2016-03-08 02:17:44 ::1 GET /img/search.png - 51826 - ::1 Mozilla/5.0+(Windows+NT+10.0)+AppleWebKit/537.36+(KHTML,+like+Gecko)+Chrome/48.0.2564.116+Safari/537.36 http://localhost:51826/index.aspx 404 0 2 49
2016-03-08 02:17:44 ::1 GET /images/famoso.jpg - 51826 - ::1 Mozilla/5.0+(Windows+NT+10.0)+AppleWebKit/537.36+(KHTML,+like+Gecko)+Chrome/48.0.2564.116+Safari/537.36 http://localhost:51826/index.aspx 404 0 2 96
2016-03-08 02:17:45 ::1 GET /img/search.png - 51826 - ::1 Mozilla/5.0+(Windows+NT+10.0)+AppleWebKit/537.36+(KHTML,+like+Gecko)+Chrome/48.0.2564.116+Safari/537.36 http://localhost:51826/index.aspx 404 0 2 24
2016-03-08 02:17:45 ::1 GET /images/food-salad-restaurant-person.jpg - 51826 - ::1 Mozilla/5.0+(Windows+NT+10.0)+AppleWebKit/537.36+(KHTML,+like+Gecko)+Chrome/48.0.2564.116+Safari/537.36 http://localhost:51826/css/main.css 304 0 0 88
2016-03-08 02:17:50 ::1 GET /__browserLink/requestData/2c62e740546645e98899371d403bfcb6 version=2 51826 - ::1 Mozilla/5.0+(Windows+NT+10.0)+AppleWebKit/537.36+(KHTML,+like+Gecko)+Chrome/48.0.2564.116+Safari/537.36 http://localhost:51826/index.aspx 200 0 0 745
2016-03-08 02:21:44 ::1 GET /index.aspx - 51826 - ::1 Mozilla/5.0+(Windows+NT+10.0)+AppleWebKit/537.36+(KHTML,+like+Gecko)+Chrome/48.0.2564.116+Safari/537.36 - 200 0 0 17717
2016-03-08 02:21:44 ::1 GET /img/search.png - 51826 - ::1 Mozilla/5.0+(Windows+NT+10.0)+AppleWebKit/537.36+(KHTML,+like+Gecko)+Chrome/48.0.2564.116+Safari/537.36 http://localhost:51826/index.aspx 404 0 2 141
2016-03-08 02:21:44 ::1 GET /css/main.css - 51826 - ::1 Mozilla/5.0+(Windows+NT+10.0)+AppleWebKit/537.36+(KHTML,+like+Gecko)+Chrome/48.0.2564.116+Safari/537.36 http://localhost:51826/index.aspx 200 0 0 379
2016-03-08 02:21:44 ::1 GET /images/famoso.jpg - 51826 - ::1 Mozilla/5.0+(Windows+NT+10.0)+AppleWebKit/537.36+(KHTML,+like+Gecko)+Chrome/48.0.2564.116+Safari/537.36 http://localhost:51826/index.aspx 404 0 2 74
2016-03-08 02:21:46 ::1 GET /img/search.png - 51826 - ::1 Mozilla/5.0+(Windows+NT+10.0)+AppleWebKit/537.36+(KHTML,+like+Gecko)+Chrome/48.0.2564.116+Safari/537.36 http://localhost:51826/index.aspx 404 0 2 106
2016-03-08 02:21:46 ::1 GET /images/food-salad-restaurant-person.jpg - 51826 - ::1 Mozilla/5.0+(Windows+NT+10.0)+AppleWebKit/537.36+(KHTML,+like+Gecko)+Chrome/48.0.2564.116+Safari/537.36 http://localhost:51826/css/main.css 304 0 0 276
2016-03-08 02:21:53 ::1 GET /__browserLink/requestData/a75d8c1650b84a079dac1e486577bb26 version=2 51826 - ::1 Mozilla/5.0+(Windows+NT+10.0)+AppleWebKit/537.36+(KHTML,+like+Gecko)+Chrome/48.0.2564.116+Safari/537.36 http://localhost:51826/index.aspx 200 0 0 2618
2016-03-08 02:23:07 ::1 GET /index.aspx - 51826 - ::1 Mozilla/5.0+(Windows+NT+10.0)+AppleWebKit/537.36+(KHTML,+like+Gecko)+Chrome/48.0.2564.116+Safari/537.36 - 200 0 0 13827
2016-03-08 02:23:07 ::1 GET /img/search.png - 51826 - ::1 Mozilla/5.0+(Windows+NT+10.0)+AppleWebKit/537.36+(KHTML,+like+Gecko)+Chrome/48.0.2564.116+Safari/537.36 http://localhost:51826/index.aspx 404 0 2 51
2016-03-08 02:23:07 ::1 GET /css/main.css - 51826 - ::1 Mozilla/5.0+(Windows+NT+10.0)+AppleWebKit/537.36+(KHTML,+like+Gecko)+Chrome/48.0.2564.116+Safari/537.36 http://localhost:51826/index.aspx 200 0 0 51
2016-03-08 02:23:07 ::1 GET /css/bootstrap.css - 51826 - ::1 Mozilla/5.0+(Windows+NT+10.0)+AppleWebKit/537.36+(KHTML,+like+Gecko)+Chrome/48.0.2564.116+Safari/537.36 http://localhost:51826/index.aspx 304 0 0 107
2016-03-08 02:23:08 ::1 GET /images/famoso.jpg - 51826 - ::1 Mozilla/5.0+(Windows+NT+10.0)+AppleWebKit/537.36+(KHTML,+like+Gecko)+Chrome/48.0.2564.116+Safari/537.36 http://localhost:51826/index.aspx 404 0 2 36
2016-03-08 02:23:08 ::1 GET /images/almond.jpg - 51826 - ::1 Mozilla/5.0+(Windows+NT+10.0)+AppleWebKit/537.36+(KHTML,+like+Gecko)+Chrome/48.0.2564.116+Safari/537.36 http://localhost:51826/index.aspx 304 0 0 74
2016-03-08 02:23:08 ::1 GET /images/loving_hut.jpg - 51826 - ::1 Mozilla/5.0+(Windows+NT+10.0)+AppleWebKit/537.36+(KHTML,+like+Gecko)+Chrome/48.0.2564.116+Safari/537.36 http://localhost:51826/index.aspx 304 0 0 143
2016-03-08 02:23:08 ::1 GET /images/rustica.jpg - 51826 - ::1 Mozilla/5.0+(Windows+NT+10.0)+AppleWebKit/537.36+(KHTML,+like+Gecko)+Chrome/48.0.2564.116+Safari/537.36 http://localhost:51826/index.aspx 304 0 0 143
2016-03-08 02:23:08 ::1 GET /images/feast.jpg - 51826 - ::1 Mozilla/5.0+(Windows+NT+10.0)+AppleWebKit/537.36+(KHTML,+like+Gecko)+Chrome/48.0.2564.116+Safari/537.36 http://localhost:51826/index.aspx 304 0 0 219
2016-03-08 02:23:08 ::1 GET /images/moxie.jpg - 51826 - ::1 Mozilla/5.0+(Windows+NT+10.0)+AppleWebKit/537.36+(KHTML,+like+Gecko)+Chrome/48.0.2564.116+Safari/537.36 http://localhost:51826/index.aspx 304 0 0 219
2016-03-08 02:23:08 ::1 GET /images/sneaky.jpg - 51826 - ::1 Mozilla/5.0+(Windows+NT+10.0)+AppleWebKit/537.36+(KHTML,+like+Gecko)+Chrome/48.0.2564.116+Safari/537.36 http://localhost:51826/index.aspx 304 0 0 187
2016-03-08 02:23:08 ::1 GET /images/keg.jpg - 51826 - ::1 Mozilla/5.0+(Windows+NT+10.0)+AppleWebKit/537.36+(KHTML,+like+Gecko)+Chrome/48.0.2564.116+Safari/537.36 http://localhost:51826/index.aspx 304 0 0 209
2016-03-08 02:23:08 ::1 GET /images/poutinis.jpg - 51826 - ::1 Mozilla/5.0+(Windows+NT+10.0)+AppleWebKit/537.36+(KHTML,+like+Gecko)+Chrome/48.0.2564.116+Safari/537.36 http://localhost:51826/index.aspx 304 0 0 156
2016-03-08 02:23:08 ::1 GET /images/pizzaiolo.jpg - 51826 - ::1 Mozilla/5.0+(Windows+NT+10.0)+AppleWebKit/537.36+(KHTML,+like+Gecko)+Chrome/48.0.2564.116+Safari/537.36 http://localhost:51826/index.aspx 304 0 0 158
2016-03-08 02:23:08 ::1 GET /images/swiss_chalet.jpg - 51826 - ::1 Mozilla/5.0+(Windows+NT+10.0)+AppleWebKit/537.36+(KHTML,+like+Gecko)+Chrome/48.0.2564.116+Safari/537.36 http://localhost:51826/index.aspx 304 0 0 132
2016-03-08 02:23:08 ::1 GET /img/search.png - 51826 - ::1 Mozilla/5.0+(Windows+NT+10.0)+AppleWebKit/537.36+(KHTML,+like+Gecko)+Chrome/48.0.2564.116+Safari/537.36 http://localhost:51826/index.aspx 404 0 2 26
2016-03-08 02:23:08 ::1 GET /images/food-salad-restaurant-person.jpg - 51826 - ::1 Mozilla/5.0+(Windows+NT+10.0)+AppleWebKit/537.36+(KHTML,+like+Gecko)+Chrome/48.0.2564.116+Safari/537.36 http://localhost:51826/index.aspx 304 0 0 65
2016-03-08 02:23:15 ::1 GET /__browserLink/requestData/26ae6d44f3774a7094c24621fc16594e version=2 51826 - ::1 Mozilla/5.0+(Windows+NT+10.0)+AppleWebKit/537.36+(KHTML,+like+Gecko)+Chrome/48.0.2564.116+Safari/537.36 http://localhost:51826/index.aspx 200 0 0 2351
2016-03-08 02:25:45 ::1 GET /css/main.css __browserLink_refresh=93b4a7df2cf54cc4a38a752fd6033d14 51826 - ::1 Mozilla/5.0+(Windows+NT+10.0)+AppleWebKit/537.36+(KHTML,+like+Gecko)+Chrome/48.0.2564.116+Safari/537.36 http://localhost:51826/index.aspx 200 0 0 734
2016-03-08 02:26:04 ::1 GET /index.aspx - 51826 - ::1 Mozilla/5.0+(Windows+NT+10.0)+AppleWebKit/537.36+(KHTML,+like+Gecko)+Chrome/48.0.2564.116+Safari/537.36 - 200 0 0 13653
2016-03-08 02:26:07 ::1 GET /css/bootstrap.css - 51826 - ::1 Mozilla/5.0+(Windows+NT+10.0)+AppleWebKit/537.36+(KHTML,+like+Gecko)+Chrome/48.0.2564.116+Safari/537.36 http://localhost:51826/index.aspx 304 0 0 105
2016-03-08 02:26:07 ::1 GET /css/main.css - 51826 - ::1 Mozilla/5.0+(Windows+NT+10.0)+AppleWebKit/537.36+(KHTML,+like+Gecko)+Chrome/48.0.2564.116+Safari/537.36 http://localhost:51826/index.aspx 200 0 0 67
2016-03-08 02:26:07 ::1 GET /images/search.png - 51826 - ::1 Mozilla/5.0+(Windows+NT+10.0)+AppleWebKit/537.36+(KHTML,+like+Gecko)+Chrome/48.0.2564.116+Safari/537.36 http://localhost:51826/index.aspx 200 0 0 172
2016-03-08 02:26:07 ::1 GET /images/famoso.jpg - 51826 - ::1 Mozilla/5.0+(Windows+NT+10.0)+AppleWebKit/537.36+(KHTML,+like+Gecko)+Chrome/48.0.2564.116+Safari/537.36 http://localhost:51826/index.aspx 404 0 2 31
2016-03-08 02:26:07 ::1 GET /images/almond.jpg - 51826 - ::1 Mozilla/5.0+(Windows+NT+10.0)+AppleWebKit/537.36+(KHTML,+like+Gecko)+Chrome/48.0.2564.116+Safari/537.36 http://localhost:51826/index.aspx 304 0 0 64
2016-03-08 02:26:07 ::1 GET /images/loving_hut.jpg - 51826 - ::1 Mozilla/5.0+(Windows+NT+10.0)+AppleWebKit/537.36+(KHTML,+like+Gecko)+Chrome/48.0.2564.116+Safari/537.36 http://localhost:51826/index.aspx 304 0 0 64
2016-03-08 02:26:07 ::1 GET /images/rustica.jpg - 51826 - ::1 Mozilla/5.0+(Windows+NT+10.0)+AppleWebKit/537.36+(KHTML,+like+Gecko)+Chrome/48.0.2564.116+Safari/537.36 http://localhost:51826/index.aspx 304 0 0 65
2016-03-08 02:26:07 ::1 GET /images/moxie.jpg - 51826 - ::1 Mozilla/5.0+(Windows+NT+10.0)+AppleWebKit/537.36+(KHTML,+like+Gecko)+Chrome/48.0.2564.116+Safari/537.36 http://localhost:51826/index.aspx 304 0 0 99
2016-03-08 02:26:07 ::1 GET /images/feast.jpg - 51826 - ::1 Mozilla/5.0+(Windows+NT+10.0)+AppleWebKit/537.36+(KHTML,+like+Gecko)+Chrome/48.0.2564.116+Safari/537.36 http://localhost:51826/index.aspx 304 0 0 128
2016-03-08 02:26:07 ::1 GET /images/poutinis.jpg - 51826 - ::1 Mozilla/5.0+(Windows+NT+10.0)+AppleWebKit/537.36+(KHTML,+like+Gecko)+Chrome/48.0.2564.116+Safari/537.36 http://localhost:51826/index.aspx 304 0 0 97
2016-03-08 02:26:07 ::1 GET /images/keg.jpg - 51826 - ::1 Mozilla/5.0+(Windows+NT+10.0)+AppleWebKit/537.36+(KHTML,+like+Gecko)+Chrome/48.0.2564.116+Safari/537.36 http://localhost:51826/index.aspx 304 0 0 146
2016-03-08 02:26:07 ::1 GET /images/sneaky.jpg - 51826 - ::1 Mozilla/5.0+(Windows+NT+10.0)+AppleWebKit/537.36+(KHTML,+like+Gecko)+Chrome/48.0.2564.116+Safari/537.36 http://localhost:51826/index.aspx 304 0 0 128
2016-03-08 02:26:07 ::1 GET /images/pizzaiolo.jpg - 51826 - ::1 Mozilla/5.0+(Windows+NT+10.0)+AppleWebKit/537.36+(KHTML,+like+Gecko)+Chrome/48.0.2564.116+Safari/537.36 http://localhost:51826/index.aspx 304 0 0 158
2016-03-08 02:26:07 ::1 GET /images/swiss_chalet.jpg - 51826 - ::1 Mozilla/5.0+(Windows+NT+10.0)+AppleWebKit/537.36+(KHTML,+like+Gecko)+Chrome/48.0.2564.116+Safari/537.36 http://localhost:51826/index.aspx 304 0 0 199
2016-03-08 02:26:10 ::1 GET /images/famoso.jpg - 51826 - ::1 Mozilla/5.0+(Windows+NT+10.0)+AppleWebKit/537.36+(KHTML,+like+Gecko)+Chrome/48.0.2564.116+Safari/537.36 http://localhost:51826/index.aspx 404 0 2 3
2016-03-08 02:26:10 ::1 GET /images/food-salad-restaurant-person.jpg - 51826 - ::1 Mozilla/5.0+(Windows+NT+10.0)+AppleWebKit/537.36+(KHTML,+like+Gecko)+Chrome/48.0.2564.116+Safari/537.36 http://localhost:51826/index.aspx 304 0 0 24
2016-03-08 02:26:13 ::1 GET /__browserLink/requestData/0d1287afb1d04e96b673b2deef2f2383 version=2 51826 - ::1 Mozilla/5.0+(Windows+NT+10.0)+AppleWebKit/537.36+(KHTML,+like+Gecko)+Chrome/48.0.2564.116+Safari/537.36 http://localhost:51826/index.aspx 200 0 0 312
2016-03-08 02:27:46 ::1 GET /index.aspx - 51826 - ::1 Mozilla/5.0+(Windows+NT+10.0)+AppleWebKit/537.36+(KHTML,+like+Gecko)+Chrome/48.0.2564.116+Safari/537.36 - 200 0 0 12505
2016-03-08 02:27:48 ::1 GET /css/bootstrap.css - 51826 - ::1 Mozilla/5.0+(Windows+NT+10.0)+AppleWebKit/537.36+(KHTML,+like+Gecko)+Chrome/48.0.2564.116+Safari/537.36 http://localhost:51826/index.aspx 304 0 0 62
2016-03-08 02:27:48 ::1 GET /css/main.css - 51826 - ::1 Mozilla/5.0+(Windows+NT+10.0)+AppleWebKit/537.36+(KHTML,+like+Gecko)+Chrome/48.0.2564.116+Safari/537.36 http://localhost:51826/index.aspx 200 0 0 152
2016-03-08 02:27:48 ::1 GET /images/search.png - 51826 - ::1 Mozilla/5.0+(Windows+NT+10.0)+AppleWebKit/537.36+(KHTML,+like+Gecko)+Chrome/48.0.2564.116+Safari/537.36 http://localhost:51826/index.aspx 304 0 0 232
2016-03-08 02:27:48 ::1 GET /images/famoso.jpg - 51826 - ::1 Mozilla/5.0+(Windows+NT+10.0)+AppleWebKit/537.36+(KHTML,+like+Gecko)+Chrome/48.0.2564.116+Safari/537.36 http://localhost:51826/index.aspx 404 0 2 163
2016-03-08 02:27:48 ::1 GET /images/rustica.jpg - 51826 - ::1 Mozilla/5.0+(Windows+NT+10.0)+AppleWebKit/537.36+(KHTML,+like+Gecko)+Chrome/48.0.2564.116+Safari/537.36 http://localhost:51826/index.aspx 304 0 0 197
2016-03-08 02:27:48 ::1 GET /images/almond.jpg - 51826 - ::1 Mozilla/5.0+(Windows+NT+10.0)+AppleWebKit/537.36+(KHTML,+like+Gecko)+Chrome/48.0.2564.116+Safari/537.36 http://localhost:51826/index.aspx 304 0 0 197
2016-03-08 02:27:48 ::1 GET /images/loving_hut.jpg - 51826 - ::1 Mozilla/5.0+(Windows+NT+10.0)+AppleWebKit/537.36+(KHTML,+like+Gecko)+Chrome/48.0.2564.116+Safari/537.36 http://localhost:51826/index.aspx 304 0 0 197
2016-03-08 02:27:48 ::1 GET /images/feast.jpg - 51826 - ::1 Mozilla/5.0+(Windows+NT+10.0)+AppleWebKit/537.36+(KHTML,+like+Gecko)+Chrome/48.0.2564.116+Safari/537.36 http://localhost:51826/index.aspx 304 0 0 225
2016-03-08 02:27:48 ::1 GET /images/moxie.jpg - 51826 - ::1 Mozilla/5.0+(Windows+NT+10.0)+AppleWebKit/537.36+(KHTML,+like+Gecko)+Chrome/48.0.2564.116+Safari/537.36 http://localhost:51826/index.aspx 304 0 0 278
2016-03-08 02:27:48 ::1 GET /images/keg.jpg - 51826 - ::1 Mozilla/5.0+(Windows+NT+10.0)+AppleWebKit/537.36+(KHTML,+like+Gecko)+Chrome/48.0.2564.116+Safari/537.36 http://localhost:51826/index.aspx 304 0 0 136
2016-03-08 02:27:48 ::1 GET /images/poutinis.jpg - 51826 - ::1 Mozilla/5.0+(Windows+NT+10.0)+AppleWebKit/537.36+(KHTML,+like+Gecko)+Chrome/48.0.2564.116+Safari/537.36 http://localhost:51826/index.aspx 304 0 0 136
2016-03-08 02:27:48 ::1 GET /images/sneaky.jpg - 51826 - ::1 Mozilla/5.0+(Windows+NT+10.0)+AppleWebKit/537.36+(KHTML,+like+Gecko)+Chrome/48.0.2564.116+Safari/537.36 http://localhost:51826/index.aspx 304 0 0 136
2016-03-08 02:27:48 ::1 GET /images/pizzaiolo.jpg - 51826 - ::1 Mozilla/5.0+(Windows+NT+10.0)+AppleWebKit/537.36+(KHTML,+like+Gecko)+Chrome/48.0.2564.116+Safari/537.36 http://localhost:51826/index.aspx 304 0 0 136
2016-03-08 02:27:48 ::1 GET /images/swiss_chalet.jpg - 51826 - ::1 Mozilla/5.0+(Windows+NT+10.0)+AppleWebKit/537.36+(KHTML,+like+Gecko)+Chrome/48.0.2564.116+Safari/537.36 http://localhost:51826/index.aspx 304 0 0 179
2016-03-08 02:27:49 ::1 GET /images/famoso.jpg - 51826 - ::1 Mozilla/5.0+(Windows+NT+10.0)+AppleWebKit/537.36+(KHTML,+like+Gecko)+Chrome/48.0.2564.116+Safari/537.36 http://localhost:51826/index.aspx 404 0 2 4
2016-03-08 02:27:49 ::1 GET /images/food-salad-restaurant-person.jpg - 51826 - ::1 Mozilla/5.0+(Windows+NT+10.0)+AppleWebKit/537.36+(KHTML,+like+Gecko)+Chrome/48.0.2564.116+Safari/537.36 http://localhost:51826/index.aspx 304 0 0 26
2016-03-08 02:27:51 ::1 GET /__browserLink/requestData/3c693e39768144cea4849cb2b98d70d2 version=2 51826 - ::1 Mozilla/5.0+(Windows+NT+10.0)+AppleWebKit/537.36+(KHTML,+like+Gecko)+Chrome/48.0.2564.116+Safari/537.36 http://localhost:51826/index.aspx 200 0 0 341
2016-03-08 02:28:16 ::1 GET /css/main.css __browserLink_refresh=b1bd2a19c8c1499983aeb821dd73e80d 51826 - ::1 Mozilla/5.0+(Windows+NT+10.0)+AppleWebKit/537.36+(KHTML,+like+Gecko)+Chrome/48.0.2564.116+Safari/537.36 http://localhost:51826/index.aspx 200 0 0 526
2016-03-08 02:28:24 ::1 GET /index.aspx - 51826 - ::1 Mozilla/5.0+(Windows+NT+10.0)+AppleWebKit/537.36+(KHTML,+like+Gecko)+Chrome/48.0.2564.116+Safari/537.36 - 200 0 0 1337
2016-03-08 02:28:31 ::1 GET /css/main.css - 51826 - ::1 Mozilla/5.0+(Windows+NT+10.0)+AppleWebKit/537.36+(KHTML,+like+Gecko)+Chrome/48.0.2564.116+Safari/537.36 http://localhost:51826/index.aspx 200 0 0 5358
2016-03-08 02:28:31 ::1 GET /css/bootstrap.css - 51826 - ::1 Mozilla/5.0+(Windows+NT+10.0)+AppleWebKit/537.36+(KHTML,+like+Gecko)+Chrome/48.0.2564.116+Safari/537.36 http://localhost:51826/index.aspx 304 0 0 5358
2016-03-08 02:28:31 ::1 GET /images/search.png - 51826 - ::1 Mozilla/5.0+(Windows+NT+10.0)+AppleWebKit/537.36+(KHTML,+like+Gecko)+Chrome/48.0.2564.116+Safari/537.36 http://localhost:51826/index.aspx 304 0 0 5327
2016-03-08 02:28:31 ::1 GET /images/almond.jpg - 51826 - ::1 Mozilla/5.0+(Windows+NT+10.0)+AppleWebKit/537.36+(KHTML,+like+Gecko)+Chrome/48.0.2564.116+Safari/537.36 http://localhost:51826/index.aspx 304 0 0 27
2016-03-08 02:28:31 ::1 GET /images/loving_hut.jpg - 51826 - ::1 Mozilla/5.0+(Windows+NT+10.0)+AppleWebKit/537.36+(KHTML,+like+Gecko)+Chrome/48.0.2564.116+Safari/537.36 http://localhost:51826/index.aspx 304 0 0 58
2016-03-08 02:28:31 ::1 GET /images/famoso.jpg - 51826 - ::1 Mozilla/5.0+(Windows+NT+10.0)+AppleWebKit/537.36+(KHTML,+like+Gecko)+Chrome/48.0.2564.116+Safari/537.36 http://localhost:51826/index.aspx 404 0 2 58
2016-03-08 02:28:31 ::1 GET /images/moxie.jpg - 51826 - ::1 Mozilla/5.0+(Windows+NT+10.0)+AppleWebKit/537.36+(KHTML,+like+Gecko)+Chrome/48.0.2564.116+Safari/537.36 http://localhost:51826/index.aspx 304 0 0 58
2016-03-08 02:28:31 ::1 GET /images/feast.jpg - 51826 - ::1 Mozilla/5.0+(Windows+NT+10.0)+AppleWebKit/537.36+(KHTML,+like+Gecko)+Chrome/48.0.2564.116+Safari/537.36 http://localhost:51826/index.aspx 304 0 0 89
2016-03-08 02:28:31 ::1 GET /images/rustica.jpg - 51826 - ::1 Mozilla/5.0+(Windows+NT+10.0)+AppleWebKit/537.36+(KHTML,+like+Gecko)+Chrome/48.0.2564.116+Safari/537.36 http://localhost:51826/index.aspx 304 0 0 61
2016-03-08 02:28:31 ::1 GET /images/keg.jpg - 51826 - ::1 Mozilla/5.0+(Windows+NT+10.0)+AppleWebKit/537.36+(KHTML,+like+Gecko)+Chrome/48.0.2564.116+Safari/537.36 http://localhost:51826/index.aspx 304 0 0 80
2016-03-08 02:28:31 ::1 GET /images/sneaky.jpg - 51826 - ::1 Mozilla/5.0+(Windows+NT+10.0)+AppleWebKit/537.36+(KHTML,+like+Gecko)+Chrome/48.0.2564.116+Safari/537.36 http://localhost:51826/index.aspx 304 0 0 35
2016-03-08 02:28:31 ::1 GET /images/poutinis.jpg - 51826 - ::1 Mozilla/5.0+(Windows+NT+10.0)+AppleWebKit/537.36+(KHTML,+like+Gecko)+Chrome/48.0.2564.116+Safari/537.36 http://localhost:51826/index.aspx 304 0 0 35
2016-03-08 02:28:31 ::1 GET /images/pizzaiolo.jpg - 51826 - ::1 Mozilla/5.0+(Windows+NT+10.0)+AppleWebKit/537.36+(KHTML,+like+Gecko)+Chrome/48.0.2564.116+Safari/537.36 http://localhost:51826/index.aspx 304 0 0 190
2016-03-08 02:28:31 ::1 GET /images/swiss_chalet.jpg - 51826 - ::1 Mozilla/5.0+(Windows+NT+10.0)+AppleWebKit/537.36+(KHTML,+like+Gecko)+Chrome/48.0.2564.116+Safari/537.36 http://localhost:51826/index.aspx 304 0 0 190
2016-03-08 02:28:31 ::1 GET /images/food-salad-restaurant-person.jpg - 51826 - ::1 Mozilla/5.0+(Windows+NT+10.0)+AppleWebKit/537.36+(KHTML,+like+Gecko)+Chrome/48.0.2564.116+Safari/537.36 http://localhost:51826/css/main.css 304 0 0 118
