#Software: Microsoft Internet Information Services 10.0
#Version: 1.0
#Date: 2016-03-09 01:06:59
#Fields: date time s-ip cs-method cs-uri-stem cs-uri-query s-port cs-username c-ip cs(User-Agent) cs(Referer) sc-status sc-substatus sc-win32-status time-taken
2016-03-09 01:06:58 ::1 GET /index.aspx - 52699 - ::1 Mozilla/5.0+(Windows+NT+10.0)+AppleWebKit/537.36+(KHTML,+like+Gecko)+Chrome/48.0.2564.116+Safari/537.36 - 200 0 0 5554
2016-03-09 01:06:58 ::1 GET /css/main.css - 52699 - ::1 Mozilla/5.0+(Windows+NT+10.0)+AppleWebKit/537.36+(KHTML,+like+Gecko)+Chrome/48.0.2564.116+Safari/537.36 http://localhost:52699/index.aspx 304 0 0 205
2016-03-09 01:06:58 ::1 GET /css/bootstrap.css - 52699 - ::1 Mozilla/5.0+(Windows+NT+10.0)+AppleWebKit/537.36+(KHTML,+like+Gecko)+Chrome/48.0.2564.116+Safari/537.36 http://localhost:52699/index.aspx 304 0 0 294
2016-03-09 01:06:58 ::1 GET /images/search.png - 52699 - ::1 Mozilla/5.0+(Windows+NT+10.0)+AppleWebKit/537.36+(KHTML,+like+Gecko)+Chrome/48.0.2564.116+Safari/537.36 http://localhost:52699/index.aspx 304 0 0 293
2016-03-09 01:06:58 ::1 GET /images/rustica.jpg - 52699 - ::1 Mozilla/5.0+(Windows+NT+10.0)+AppleWebKit/537.36+(KHTML,+like+Gecko)+Chrome/48.0.2564.116+Safari/537.36 http://localhost:52699/index.aspx 304 0 0 108
2016-03-09 01:07:00 ::1 GET /images/sneaky.jpg - 52699 - ::1 Mozilla/5.0+(Windows+NT+10.0)+AppleWebKit/537.36+(KHTML,+like+Gecko)+Chrome/48.0.2564.116+Safari/537.36 http://localhost:52699/index.aspx 304 0 0 600
2016-03-09 01:07:00 ::1 GET /images/loving_hut.jpg - 52699 - ::1 Mozilla/5.0+(Windows+NT+10.0)+AppleWebKit/537.36+(KHTML,+like+Gecko)+Chrome/48.0.2564.116+Safari/537.36 http://localhost:52699/index.aspx 304 0 0 595
2016-03-09 01:07:00 ::1 GET /images/poutinis.jpg - 52699 - ::1 Mozilla/5.0+(Windows+NT+10.0)+AppleWebKit/537.36+(KHTML,+like+Gecko)+Chrome/48.0.2564.116+Safari/537.36 http://localhost:52699/index.aspx 304 0 0 600
2016-03-09 01:07:00 ::1 GET /images/feast.jpg - 52699 - ::1 Mozilla/5.0+(Windows+NT+10.0)+AppleWebKit/537.36+(KHTML,+like+Gecko)+Chrome/48.0.2564.116+Safari/537.36 http://localhost:52699/index.aspx 304 0 0 708
2016-03-09 01:07:00 ::1 GET /images/famoso.jpg - 52699 - ::1 Mozilla/5.0+(Windows+NT+10.0)+AppleWebKit/537.36+(KHTML,+like+Gecko)+Chrome/48.0.2564.116+Safari/537.36 http://localhost:52699/index.aspx 404 0 2 182
2016-03-09 01:07:00 ::1 GET /images/keg.jpg - 52699 - ::1 Mozilla/5.0+(Windows+NT+10.0)+AppleWebKit/537.36+(KHTML,+like+Gecko)+Chrome/48.0.2564.116+Safari/537.36 http://localhost:52699/index.aspx 304 0 0 819
2016-03-09 01:07:00 ::1 GET /images/pizzaiolo.jpg - 52699 - ::1 Mozilla/5.0+(Windows+NT+10.0)+AppleWebKit/537.36+(KHTML,+like+Gecko)+Chrome/48.0.2564.116+Safari/537.36 http://localhost:52699/index.aspx 304 0 0 859
2016-03-09 01:07:00 ::1 GET /images/swiss_chalet.jpg - 52699 - ::1 Mozilla/5.0+(Windows+NT+10.0)+AppleWebKit/537.36+(KHTML,+like+Gecko)+Chrome/48.0.2564.116+Safari/537.36 http://localhost:52699/index.aspx 304 0 0 296
2016-03-09 01:07:00 ::1 GET /images/almond.jpg - 52699 - ::1 Mozilla/5.0+(Windows+NT+10.0)+AppleWebKit/537.36+(KHTML,+like+Gecko)+Chrome/48.0.2564.116+Safari/537.36 http://localhost:52699/index.aspx 304 0 0 296
2016-03-09 01:07:00 ::1 GET /images/moxie.jpg - 52699 - ::1 Mozilla/5.0+(Windows+NT+10.0)+AppleWebKit/537.36+(KHTML,+like+Gecko)+Chrome/48.0.2564.116+Safari/537.36 http://localhost:52699/index.aspx 304 0 0 292
2016-03-09 01:07:00 ::1 GET /images/food-salad-restaurant-person.jpg - 52699 - ::1 Mozilla/5.0+(Windows+NT+10.0)+AppleWebKit/537.36+(KHTML,+like+Gecko)+Chrome/48.0.2564.116+Safari/537.36 http://localhost:52699/index.aspx 304 0 0 497
#Software: Microsoft Internet Information Services 10.0
#Version: 1.0
#Date: 2016-03-09 01:40:05
#Fields: date time s-ip cs-method cs-uri-stem cs-uri-query s-port cs-username c-ip cs(User-Agent) cs(Referer) sc-status sc-substatus sc-win32-status time-taken
2016-03-09 01:40:05 ::1 GET /index.aspx - 52699 - ::1 Mozilla/5.0+(Windows+NT+10.0)+AppleWebKit/537.36+(KHTML,+like+Gecko)+Chrome/48.0.2564.116+Safari/537.36 - 200 0 0 16777
2016-03-09 01:40:06 ::1 GET /images/search.png - 52699 - ::1 Mozilla/5.0+(Windows+NT+10.0)+AppleWebKit/537.36+(KHTML,+like+Gecko)+Chrome/48.0.2564.116+Safari/537.36 http://localhost:52699/index.aspx 304 0 0 72
2016-03-09 01:40:06 ::1 GET /css/main.css - 52699 - ::1 Mozilla/5.0+(Windows+NT+10.0)+AppleWebKit/537.36+(KHTML,+like+Gecko)+Chrome/48.0.2564.116+Safari/537.36 http://localhost:52699/index.aspx 304 0 0 108
2016-03-09 01:40:06 ::1 GET /css/bootstrap.css - 52699 - ::1 Mozilla/5.0+(Windows+NT+10.0)+AppleWebKit/537.36+(KHTML,+like+Gecko)+Chrome/48.0.2564.116+Safari/537.36 http://localhost:52699/index.aspx 304 0 0 105
2016-03-09 01:40:06 ::1 GET /images/almond.jpg - 52699 - ::1 Mozilla/5.0+(Windows+NT+10.0)+AppleWebKit/537.36+(KHTML,+like+Gecko)+Chrome/48.0.2564.116+Safari/537.36 http://localhost:52699/index.aspx 304 0 0 34
2016-03-09 01:40:06 ::1 GET /images/rustica.jpg - 52699 - ::1 Mozilla/5.0+(Windows+NT+10.0)+AppleWebKit/537.36+(KHTML,+like+Gecko)+Chrome/48.0.2564.116+Safari/537.36 http://localhost:52699/index.aspx 304 0 0 99
2016-03-09 01:40:06 ::1 GET /images/loving_hut.jpg - 52699 - ::1 Mozilla/5.0+(Windows+NT+10.0)+AppleWebKit/537.36+(KHTML,+like+Gecko)+Chrome/48.0.2564.116+Safari/537.36 http://localhost:52699/index.aspx 304 0 0 122
2016-03-09 01:40:06 ::1 GET /images/famoso.jpg - 52699 - ::1 Mozilla/5.0+(Windows+NT+10.0)+AppleWebKit/537.36+(KHTML,+like+Gecko)+Chrome/48.0.2564.116+Safari/537.36 http://localhost:52699/index.aspx 404 0 2 122
2016-03-09 01:40:06 ::1 GET /images/feast.jpg - 52699 - ::1 Mozilla/5.0+(Windows+NT+10.0)+AppleWebKit/537.36+(KHTML,+like+Gecko)+Chrome/48.0.2564.116+Safari/537.36 http://localhost:52699/index.aspx 304 0 0 122
2016-03-09 01:40:06 ::1 GET /images/moxie.jpg - 52699 - ::1 Mozilla/5.0+(Windows+NT+10.0)+AppleWebKit/537.36+(KHTML,+like+Gecko)+Chrome/48.0.2564.116+Safari/537.36 http://localhost:52699/index.aspx 304 0 0 124
2016-03-09 01:40:06 ::1 GET /images/keg.jpg - 52699 - ::1 Mozilla/5.0+(Windows+NT+10.0)+AppleWebKit/537.36+(KHTML,+like+Gecko)+Chrome/48.0.2564.116+Safari/537.36 http://localhost:52699/index.aspx 304 0 0 179
2016-03-09 01:40:06 ::1 GET /images/sneaky.jpg - 52699 - ::1 Mozilla/5.0+(Windows+NT+10.0)+AppleWebKit/537.36+(KHTML,+like+Gecko)+Chrome/48.0.2564.116+Safari/537.36 http://localhost:52699/index.aspx 304 0 0 273
2016-03-09 01:40:06 ::1 GET /images/poutinis.jpg - 52699 - ::1 Mozilla/5.0+(Windows+NT+10.0)+AppleWebKit/537.36+(KHTML,+like+Gecko)+Chrome/48.0.2564.116+Safari/537.36 http://localhost:52699/index.aspx 304 0 0 214
2016-03-09 01:40:06 ::1 GET /images/swiss_chalet.jpg - 52699 - ::1 Mozilla/5.0+(Windows+NT+10.0)+AppleWebKit/537.36+(KHTML,+like+Gecko)+Chrome/48.0.2564.116+Safari/537.36 http://localhost:52699/index.aspx 304 0 0 214
2016-03-09 01:40:06 ::1 GET /images/pizzaiolo.jpg - 52699 - ::1 Mozilla/5.0+(Windows+NT+10.0)+AppleWebKit/537.36+(KHTML,+like+Gecko)+Chrome/48.0.2564.116+Safari/537.36 http://localhost:52699/index.aspx 304 0 0 214
2016-03-09 01:40:06 ::1 GET /images/food-salad-restaurant-person.jpg - 52699 - ::1 Mozilla/5.0+(Windows+NT+10.0)+AppleWebKit/537.36+(KHTML,+like+Gecko)+Chrome/48.0.2564.116+Safari/537.36 http://localhost:52699/index.aspx 304 0 0 73
2016-03-09 01:42:14 ::1 GET /index.aspx - 52699 - ::1 Mozilla/5.0+(Windows+NT+10.0)+AppleWebKit/537.36+(KHTML,+like+Gecko)+Chrome/48.0.2564.116+Safari/537.36 - 200 0 0 4182
2016-03-09 01:42:15 ::1 GET /css/main.css - 52699 - ::1 Mozilla/5.0+(Windows+NT+10.0)+AppleWebKit/537.36+(KHTML,+like+Gecko)+Chrome/48.0.2564.116+Safari/537.36 http://localhost:52699/index.aspx 304 0 0 85
2016-03-09 01:42:15 ::1 GET /css/bootstrap.css - 52699 - ::1 Mozilla/5.0+(Windows+NT+10.0)+AppleWebKit/537.36+(KHTML,+like+Gecko)+Chrome/48.0.2564.116+Safari/537.36 http://localhost:52699/index.aspx 304 0 0 136
2016-03-09 01:42:15 ::1 GET /images/search.png - 52699 - ::1 Mozilla/5.0+(Windows+NT+10.0)+AppleWebKit/537.36+(KHTML,+like+Gecko)+Chrome/48.0.2564.116+Safari/537.36 http://localhost:52699/index.aspx 304 0 0 71
2016-03-09 01:42:15 ::1 GET /images/almond.jpg - 52699 - ::1 Mozilla/5.0+(Windows+NT+10.0)+AppleWebKit/537.36+(KHTML,+like+Gecko)+Chrome/48.0.2564.116+Safari/537.36 http://localhost:52699/index.aspx 304 0 0 37
2016-03-09 01:42:15 ::1 GET /images/rustica.jpg - 52699 - ::1 Mozilla/5.0+(Windows+NT+10.0)+AppleWebKit/537.36+(KHTML,+like+Gecko)+Chrome/48.0.2564.116+Safari/537.36 http://localhost:52699/index.aspx 304 0 0 57
2016-03-09 01:42:15 ::1 GET /images/loving_hut.jpg - 52699 - ::1 Mozilla/5.0+(Windows+NT+10.0)+AppleWebKit/537.36+(KHTML,+like+Gecko)+Chrome/48.0.2564.116+Safari/537.36 http://localhost:52699/index.aspx 304 0 0 97
2016-03-09 01:42:15 ::1 GET /images/feast.jpg - 52699 - ::1 Mozilla/5.0+(Windows+NT+10.0)+AppleWebKit/537.36+(KHTML,+like+Gecko)+Chrome/48.0.2564.116+Safari/537.36 http://localhost:52699/index.aspx 304 0 0 113
2016-03-09 01:42:15 ::1 GET /images/moxie.jpg - 52699 - ::1 Mozilla/5.0+(Windows+NT+10.0)+AppleWebKit/537.36+(KHTML,+like+Gecko)+Chrome/48.0.2564.116+Safari/537.36 http://localhost:52699/index.aspx 304 0 0 113
2016-03-09 01:42:15 ::1 GET /images/famoso.jpg - 52699 - ::1 Mozilla/5.0+(Windows+NT+10.0)+AppleWebKit/537.36+(KHTML,+like+Gecko)+Chrome/48.0.2564.116+Safari/537.36 http://localhost:52699/index.aspx 404 0 2 126
2016-03-09 01:42:15 ::1 GET /images/keg.jpg - 52699 - ::1 Mozilla/5.0+(Windows+NT+10.0)+AppleWebKit/537.36+(KHTML,+like+Gecko)+Chrome/48.0.2564.116+Safari/537.36 http://localhost:52699/index.aspx 304 0 0 177
2016-03-09 01:42:15 ::1 GET /images/poutinis.jpg - 52699 - ::1 Mozilla/5.0+(Windows+NT+10.0)+AppleWebKit/537.36+(KHTML,+like+Gecko)+Chrome/48.0.2564.116+Safari/537.36 http://localhost:52699/index.aspx 304 0 0 86
2016-03-09 01:42:15 ::1 GET /images/sneaky.jpg - 52699 - ::1 Mozilla/5.0+(Windows+NT+10.0)+AppleWebKit/537.36+(KHTML,+like+Gecko)+Chrome/48.0.2564.116+Safari/537.36 http://localhost:52699/index.aspx 304 0 0 159
2016-03-09 01:42:15 ::1 GET /images/pizzaiolo.jpg - 52699 - ::1 Mozilla/5.0+(Windows+NT+10.0)+AppleWebKit/537.36+(KHTML,+like+Gecko)+Chrome/48.0.2564.116+Safari/537.36 http://localhost:52699/index.aspx 304 0 0 102
2016-03-09 01:42:15 ::1 GET /images/swiss_chalet.jpg - 52699 - ::1 Mozilla/5.0+(Windows+NT+10.0)+AppleWebKit/537.36+(KHTML,+like+Gecko)+Chrome/48.0.2564.116+Safari/537.36 http://localhost:52699/index.aspx 304 0 0 116
2016-03-09 01:42:15 ::1 GET /images/food-salad-restaurant-person.jpg - 52699 - ::1 Mozilla/5.0+(Windows+NT+10.0)+AppleWebKit/537.36+(KHTML,+like+Gecko)+Chrome/48.0.2564.116+Safari/537.36 http://localhost:52699/index.aspx 304 0 0 46
2016-03-09 01:44:23 ::1 GET /index.aspx - 52699 - ::1 Mozilla/5.0+(Windows+NT+10.0)+AppleWebKit/537.36+(KHTML,+like+Gecko)+Chrome/48.0.2564.116+Safari/537.36 - 200 0 0 3544
2016-03-09 01:44:25 ::1 GET /css/bootstrap.css - 52699 - ::1 Mozilla/5.0+(Windows+NT+10.0)+AppleWebKit/537.36+(KHTML,+like+Gecko)+Chrome/48.0.2564.116+Safari/537.36 http://localhost:52699/index.aspx 304 0 0 60
2016-03-09 01:44:25 ::1 GET /images/search.png - 52699 - ::1 Mozilla/5.0+(Windows+NT+10.0)+AppleWebKit/537.36+(KHTML,+like+Gecko)+Chrome/48.0.2564.116+Safari/537.36 http://localhost:52699/index.aspx 304 0 0 65
2016-03-09 01:44:25 ::1 GET /css/main.css - 52699 - ::1 Mozilla/5.0+(Windows+NT+10.0)+AppleWebKit/537.36+(KHTML,+like+Gecko)+Chrome/48.0.2564.116+Safari/537.36 http://localhost:52699/index.aspx 304 0 0 65
2016-03-09 01:44:25 ::1 GET /images/almond.jpg - 52699 - ::1 Mozilla/5.0+(Windows+NT+10.0)+AppleWebKit/537.36+(KHTML,+like+Gecko)+Chrome/48.0.2564.116+Safari/537.36 http://localhost:52699/index.aspx 304 0 0 60
2016-03-09 01:44:25 ::1 GET /images/rustica.jpg - 52699 - ::1 Mozilla/5.0+(Windows+NT+10.0)+AppleWebKit/537.36+(KHTML,+like+Gecko)+Chrome/48.0.2564.116+Safari/537.36 http://localhost:52699/index.aspx 304 0 0 61
2016-03-09 01:44:25 ::1 GET /images/loving_hut.jpg - 52699 - ::1 Mozilla/5.0+(Windows+NT+10.0)+AppleWebKit/537.36+(KHTML,+like+Gecko)+Chrome/48.0.2564.116+Safari/537.36 http://localhost:52699/index.aspx 304 0 0 61
2016-03-09 01:44:25 ::1 GET /images/moxie.jpg - 52699 - ::1 Mozilla/5.0+(Windows+NT+10.0)+AppleWebKit/537.36+(KHTML,+like+Gecko)+Chrome/48.0.2564.116+Safari/537.36 http://localhost:52699/index.aspx 304 0 0 91
2016-03-09 01:44:25 ::1 GET /images/feast.jpg - 52699 - ::1 Mozilla/5.0+(Windows+NT+10.0)+AppleWebKit/537.36+(KHTML,+like+Gecko)+Chrome/48.0.2564.116+Safari/537.36 http://localhost:52699/index.aspx 304 0 0 93
2016-03-09 01:44:25 ::1 GET /images/famoso.jpg - 52699 - ::1 Mozilla/5.0+(Windows+NT+10.0)+AppleWebKit/537.36+(KHTML,+like+Gecko)+Chrome/48.0.2564.116+Safari/537.36 http://localhost:52699/index.aspx 404 0 2 74
2016-03-09 01:44:25 ::1 GET /images/keg.jpg - 52699 - ::1 Mozilla/5.0+(Windows+NT+10.0)+AppleWebKit/537.36+(KHTML,+like+Gecko)+Chrome/48.0.2564.116+Safari/537.36 http://localhost:52699/index.aspx 304 0 0 115
2016-03-09 01:44:25 ::1 GET /images/sneaky.jpg - 52699 - ::1 Mozilla/5.0+(Windows+NT+10.0)+AppleWebKit/537.36+(KHTML,+like+Gecko)+Chrome/48.0.2564.116+Safari/537.36 http://localhost:52699/index.aspx 304 0 0 86
2016-03-09 01:44:25 ::1 GET /images/poutinis.jpg - 52699 - ::1 Mozilla/5.0+(Windows+NT+10.0)+AppleWebKit/537.36+(KHTML,+like+Gecko)+Chrome/48.0.2564.116+Safari/537.36 http://localhost:52699/index.aspx 304 0 0 123
2016-03-09 01:44:25 ::1 GET /images/pizzaiolo.jpg - 52699 - ::1 Mozilla/5.0+(Windows+NT+10.0)+AppleWebKit/537.36+(KHTML,+like+Gecko)+Chrome/48.0.2564.116+Safari/537.36 http://localhost:52699/index.aspx 304 0 0 91
2016-03-09 01:44:25 ::1 GET /images/swiss_chalet.jpg - 52699 - ::1 Mozilla/5.0+(Windows+NT+10.0)+AppleWebKit/537.36+(KHTML,+like+Gecko)+Chrome/48.0.2564.116+Safari/537.36 http://localhost:52699/index.aspx 304 0 0 97
2016-03-09 01:44:25 ::1 GET /images/famoso.jpg - 52699 - ::1 Mozilla/5.0+(Windows+NT+10.0)+AppleWebKit/537.36+(KHTML,+like+Gecko)+Chrome/48.0.2564.116+Safari/537.36 http://localhost:52699/index.aspx 404 0 2 3
2016-03-09 01:44:26 ::1 GET /images/food-salad-restaurant-person.jpg - 52699 - ::1 Mozilla/5.0+(Windows+NT+10.0)+AppleWebKit/537.36+(KHTML,+like+Gecko)+Chrome/48.0.2564.116+Safari/537.36 http://localhost:52699/index.aspx 304 0 0 26
2016-03-09 01:57:13 ::1 GET /index.aspx - 52699 - ::1 Mozilla/5.0+(Windows+NT+10.0)+AppleWebKit/537.36+(KHTML,+like+Gecko)+Chrome/48.0.2564.116+Safari/537.36 - 200 0 0 9389
2016-03-09 01:57:15 ::1 GET /css/bootstrap.css - 52699 - ::1 Mozilla/5.0+(Windows+NT+10.0)+AppleWebKit/537.36+(KHTML,+like+Gecko)+Chrome/48.0.2564.116+Safari/537.36 http://localhost:52699/index.aspx 304 0 0 91
2016-03-09 01:57:15 ::1 GET /images/search.png - 52699 - ::1 Mozilla/5.0+(Windows+NT+10.0)+AppleWebKit/537.36+(KHTML,+like+Gecko)+Chrome/48.0.2564.116+Safari/537.36 http://localhost:52699/index.aspx 304 0 0 48
2016-03-09 01:57:15 ::1 GET /css/main.css - 52699 - ::1 Mozilla/5.0+(Windows+NT+10.0)+AppleWebKit/537.36+(KHTML,+like+Gecko)+Chrome/48.0.2564.116+Safari/537.36 http://localhost:52699/index.aspx 304 0 0 48
2016-03-09 01:57:15 ::1 GET /images/loving_hut.jpg - 52699 - ::1 Mozilla/5.0+(Windows+NT+10.0)+AppleWebKit/537.36+(KHTML,+like+Gecko)+Chrome/48.0.2564.116+Safari/537.36 http://localhost:52699/index.aspx 304 0 0 73
2016-03-09 01:57:15 ::1 GET /images/almond.jpg - 52699 - ::1 Mozilla/5.0+(Windows+NT+10.0)+AppleWebKit/537.36+(KHTML,+like+Gecko)+Chrome/48.0.2564.116+Safari/537.36 http://localhost:52699/index.aspx 304 0 0 107
2016-03-09 01:57:15 ::1 GET /images/rustica.jpg - 52699 - ::1 Mozilla/5.0+(Windows+NT+10.0)+AppleWebKit/537.36+(KHTML,+like+Gecko)+Chrome/48.0.2564.116+Safari/537.36 http://localhost:52699/index.aspx 304 0 0 107
2016-03-09 01:57:15 ::1 GET /images/moxie.jpg - 52699 - ::1 Mozilla/5.0+(Windows+NT+10.0)+AppleWebKit/537.36+(KHTML,+like+Gecko)+Chrome/48.0.2564.116+Safari/537.36 http://localhost:52699/index.aspx 304 0 0 125
2016-03-09 01:57:15 ::1 GET /images/famoso.jpg - 52699 - ::1 Mozilla/5.0+(Windows+NT+10.0)+AppleWebKit/537.36+(KHTML,+like+Gecko)+Chrome/48.0.2564.116+Safari/537.36 http://localhost:52699/index.aspx 404 0 2 184
2016-03-09 01:57:15 ::1 GET /images/feast.jpg - 52699 - ::1 Mozilla/5.0+(Windows+NT+10.0)+AppleWebKit/537.36+(KHTML,+like+Gecko)+Chrome/48.0.2564.116+Safari/537.36 http://localhost:52699/index.aspx 304 0 0 213
2016-03-09 01:57:15 ::1 GET /images/keg.jpg - 52699 - ::1 Mozilla/5.0+(Windows+NT+10.0)+AppleWebKit/537.36+(KHTML,+like+Gecko)+Chrome/48.0.2564.116+Safari/537.36 http://localhost:52699/index.aspx 304 0 0 109
2016-03-09 01:57:15 ::1 GET /images/sneaky.jpg - 52699 - ::1 Mozilla/5.0+(Windows+NT+10.0)+AppleWebKit/537.36+(KHTML,+like+Gecko)+Chrome/48.0.2564.116+Safari/537.36 http://localhost:52699/index.aspx 304 0 0 108
2016-03-09 01:57:15 ::1 GET /images/poutinis.jpg - 52699 - ::1 Mozilla/5.0+(Windows+NT+10.0)+AppleWebKit/537.36+(KHTML,+like+Gecko)+Chrome/48.0.2564.116+Safari/537.36 http://localhost:52699/index.aspx 304 0 0 219
2016-03-09 01:57:15 ::1 GET /images/pizzaiolo.jpg - 52699 - ::1 Mozilla/5.0+(Windows+NT+10.0)+AppleWebKit/537.36+(KHTML,+like+Gecko)+Chrome/48.0.2564.116+Safari/537.36 http://localhost:52699/index.aspx 304 0 0 201
2016-03-09 01:57:15 ::1 GET /images/swiss_chalet.jpg - 52699 - ::1 Mozilla/5.0+(Windows+NT+10.0)+AppleWebKit/537.36+(KHTML,+like+Gecko)+Chrome/48.0.2564.116+Safari/537.36 http://localhost:52699/index.aspx 304 0 0 92
2016-03-09 01:57:15 ::1 GET /images/food-salad-restaurant-person.jpg - 52699 - ::1 Mozilla/5.0+(Windows+NT+10.0)+AppleWebKit/537.36+(KHTML,+like+Gecko)+Chrome/48.0.2564.116+Safari/537.36 http://localhost:52699/index.aspx 304 0 0 35
2016-03-09 02:06:43 ::1 GET /index.aspx - 52699 - ::1 Mozilla/5.0+(Windows+NT+10.0)+AppleWebKit/537.36+(KHTML,+like+Gecko)+Chrome/48.0.2564.116+Safari/537.36 - 200 0 0 4167
2016-03-09 02:06:43 ::1 GET /css/main.css - 52699 - ::1 Mozilla/5.0+(Windows+NT+10.0)+AppleWebKit/537.36+(KHTML,+like+Gecko)+Chrome/48.0.2564.116+Safari/537.36 http://localhost:52699/index.aspx 200 0 0 64
2016-03-09 02:06:43 ::1 GET /css/bootstrap.css - 52699 - ::1 Mozilla/5.0+(Windows+NT+10.0)+AppleWebKit/537.36+(KHTML,+like+Gecko)+Chrome/48.0.2564.116+Safari/537.36 http://localhost:52699/index.aspx 304 0 0 89
2016-03-09 02:06:43 ::1 GET /images/search.png - 52699 - ::1 Mozilla/5.0+(Windows+NT+10.0)+AppleWebKit/537.36+(KHTML,+like+Gecko)+Chrome/48.0.2564.116+Safari/537.36 http://localhost:52699/index.aspx 304 0 0 73
2016-03-09 02:06:44 ::1 GET /images/almond.jpg - 52699 - ::1 Mozilla/5.0+(Windows+NT+10.0)+AppleWebKit/537.36+(KHTML,+like+Gecko)+Chrome/48.0.2564.116+Safari/537.36 http://localhost:52699/index.aspx 304 0 0 61
2016-03-09 02:06:44 ::1 GET /images/rustica.jpg - 52699 - ::1 Mozilla/5.0+(Windows+NT+10.0)+AppleWebKit/537.36+(KHTML,+like+Gecko)+Chrome/48.0.2564.116+Safari/537.36 http://localhost:52699/index.aspx 304 0 0 102
2016-03-09 02:06:44 ::1 GET /images/feast.jpg - 52699 - ::1 Mozilla/5.0+(Windows+NT+10.0)+AppleWebKit/537.36+(KHTML,+like+Gecko)+Chrome/48.0.2564.116+Safari/537.36 http://localhost:52699/index.aspx 304 0 0 185
2016-03-09 02:06:44 ::1 GET /images/loving_hut.jpg - 52699 - ::1 Mozilla/5.0+(Windows+NT+10.0)+AppleWebKit/537.36+(KHTML,+like+Gecko)+Chrome/48.0.2564.116+Safari/537.36 http://localhost:52699/index.aspx 304 0 0 185
2016-03-09 02:06:44 ::1 GET /images/famoso.jpg - 52699 - ::1 Mozilla/5.0+(Windows+NT+10.0)+AppleWebKit/537.36+(KHTML,+like+Gecko)+Chrome/48.0.2564.116+Safari/537.36 http://localhost:52699/index.aspx 404 0 2 184
2016-03-09 02:06:44 ::1 GET /images/moxie.jpg - 52699 - ::1 Mozilla/5.0+(Windows+NT+10.0)+AppleWebKit/537.36+(KHTML,+like+Gecko)+Chrome/48.0.2564.116+Safari/537.36 http://localhost:52699/index.aspx 304 0 0 203
2016-03-09 02:06:44 ::1 GET /images/sneaky.jpg - 52699 - ::1 Mozilla/5.0+(Windows+NT+10.0)+AppleWebKit/537.36+(KHTML,+like+Gecko)+Chrome/48.0.2564.116+Safari/537.36 http://localhost:52699/index.aspx 304 0 0 155
2016-03-09 02:06:44 ::1 GET /images/keg.jpg - 52699 - ::1 Mozilla/5.0+(Windows+NT+10.0)+AppleWebKit/537.36+(KHTML,+like+Gecko)+Chrome/48.0.2564.116+Safari/537.36 http://localhost:52699/index.aspx 304 0 0 155
2016-03-09 02:06:44 ::1 GET /images/poutinis.jpg - 52699 - ::1 Mozilla/5.0+(Windows+NT+10.0)+AppleWebKit/537.36+(KHTML,+like+Gecko)+Chrome/48.0.2564.116+Safari/537.36 http://localhost:52699/index.aspx 304 0 0 97
2016-03-09 02:06:44 ::1 GET /images/swiss_chalet.jpg - 52699 - ::1 Mozilla/5.0+(Windows+NT+10.0)+AppleWebKit/537.36+(KHTML,+like+Gecko)+Chrome/48.0.2564.116+Safari/537.36 http://localhost:52699/index.aspx 304 0 0 435
2016-03-09 02:06:44 ::1 GET /images/pizzaiolo.jpg - 52699 - ::1 Mozilla/5.0+(Windows+NT+10.0)+AppleWebKit/537.36+(KHTML,+like+Gecko)+Chrome/48.0.2564.116+Safari/537.36 http://localhost:52699/index.aspx 304 0 0 466
2016-03-09 02:06:44 ::1 GET /images/food-salad-restaurant-person.jpg - 52699 - ::1 Mozilla/5.0+(Windows+NT+10.0)+AppleWebKit/537.36+(KHTML,+like+Gecko)+Chrome/48.0.2564.116+Safari/537.36 http://localhost:52699/index.aspx 304 0 0 35
2016-03-09 02:17:53 ::1 GET /index.aspx - 52699 - ::1 Mozilla/5.0+(Windows+NT+10.0)+AppleWebKit/537.36+(KHTML,+like+Gecko)+Chrome/48.0.2564.116+Safari/537.36 - 200 0 0 4048
2016-03-09 02:17:54 ::1 GET /css/main.css - 52699 - ::1 Mozilla/5.0+(Windows+NT+10.0)+AppleWebKit/537.36+(KHTML,+like+Gecko)+Chrome/48.0.2564.116+Safari/537.36 http://localhost:52699/index.aspx 200 0 0 24
2016-03-09 02:17:54 ::1 GET /images/search.png - 52699 - ::1 Mozilla/5.0+(Windows+NT+10.0)+AppleWebKit/537.36+(KHTML,+like+Gecko)+Chrome/48.0.2564.116+Safari/537.36 http://localhost:52699/index.aspx 304 0 0 86
2016-03-09 02:17:54 ::1 GET /css/bootstrap.css - 52699 - ::1 Mozilla/5.0+(Windows+NT+10.0)+AppleWebKit/537.36+(KHTML,+like+Gecko)+Chrome/48.0.2564.116+Safari/537.36 http://localhost:52699/index.aspx 304 0 0 299
2016-03-09 02:17:54 ::1 GET /images/famoso.jpg - 52699 - ::1 Mozilla/5.0+(Windows+NT+10.0)+AppleWebKit/537.36+(KHTML,+like+Gecko)+Chrome/48.0.2564.116+Safari/537.36 http://localhost:52699/index.aspx 404 0 2 77
2016-03-09 02:17:54 ::1 GET /images/almond.jpg - 52699 - ::1 Mozilla/5.0+(Windows+NT+10.0)+AppleWebKit/537.36+(KHTML,+like+Gecko)+Chrome/48.0.2564.116+Safari/537.36 http://localhost:52699/index.aspx 304 0 0 110
2016-03-09 02:17:54 ::1 GET /images/rustica.jpg - 52699 - ::1 Mozilla/5.0+(Windows+NT+10.0)+AppleWebKit/537.36+(KHTML,+like+Gecko)+Chrome/48.0.2564.116+Safari/537.36 http://localhost:52699/index.aspx 304 0 0 110
2016-03-09 02:17:54 ::1 GET /images/feast.jpg - 52699 - ::1 Mozilla/5.0+(Windows+NT+10.0)+AppleWebKit/537.36+(KHTML,+like+Gecko)+Chrome/48.0.2564.116+Safari/537.36 http://localhost:52699/index.aspx 304 0 0 150
2016-03-09 02:17:54 ::1 GET /images/moxie.jpg - 52699 - ::1 Mozilla/5.0+(Windows+NT+10.0)+AppleWebKit/537.36+(KHTML,+like+Gecko)+Chrome/48.0.2564.116+Safari/537.36 http://localhost:52699/index.aspx 304 0 0 190
2016-03-09 02:17:54 ::1 GET /images/loving_hut.jpg - 52699 - ::1 Mozilla/5.0+(Windows+NT+10.0)+AppleWebKit/537.36+(KHTML,+like+Gecko)+Chrome/48.0.2564.116+Safari/537.36 http://localhost:52699/index.aspx 304 0 0 250
2016-03-09 02:17:54 ::1 GET /images/keg.jpg - 52699 - ::1 Mozilla/5.0+(Windows+NT+10.0)+AppleWebKit/537.36+(KHTML,+like+Gecko)+Chrome/48.0.2564.116+Safari/537.36 http://localhost:52699/index.aspx 304 0 0 186
2016-03-09 02:17:54 ::1 GET /images/sneaky.jpg - 52699 - ::1 Mozilla/5.0+(Windows+NT+10.0)+AppleWebKit/537.36+(KHTML,+like+Gecko)+Chrome/48.0.2564.116+Safari/537.36 http://localhost:52699/index.aspx 304 0 0 63
2016-03-09 02:17:54 ::1 GET /images/poutinis.jpg - 52699 - ::1 Mozilla/5.0+(Windows+NT+10.0)+AppleWebKit/537.36+(KHTML,+like+Gecko)+Chrome/48.0.2564.116+Safari/537.36 http://localhost:52699/index.aspx 304 0 0 80
2016-03-09 02:17:55 ::1 GET /images/pizzaiolo.jpg - 52699 - ::1 Mozilla/5.0+(Windows+NT+10.0)+AppleWebKit/537.36+(KHTML,+like+Gecko)+Chrome/48.0.2564.116+Safari/537.36 http://localhost:52699/index.aspx 304 0 0 98
2016-03-09 02:17:55 ::1 GET /images/swiss_chalet.jpg - 52699 - ::1 Mozilla/5.0+(Windows+NT+10.0)+AppleWebKit/537.36+(KHTML,+like+Gecko)+Chrome/48.0.2564.116+Safari/537.36 http://localhost:52699/index.aspx 304 0 0 59
2016-03-09 02:17:55 ::1 GET /images/food-salad-restaurant-person.jpg - 52699 - ::1 Mozilla/5.0+(Windows+NT+10.0)+AppleWebKit/537.36+(KHTML,+like+Gecko)+Chrome/48.0.2564.116+Safari/537.36 http://localhost:52699/css/main.css 304 0 0 42
2016-03-09 02:18:15 ::1 GET /index.aspx - 52699 - ::1 Mozilla/5.0+(Windows+NT+10.0)+AppleWebKit/537.36+(KHTML,+like+Gecko)+Chrome/48.0.2564.116+Safari/537.36 - 200 0 0 1059
2016-03-09 02:18:15 ::1 GET /css/main.css - 52699 - ::1 Mozilla/5.0+(Windows+NT+10.0)+AppleWebKit/537.36+(KHTML,+like+Gecko)+Chrome/48.0.2564.116+Safari/537.36 http://localhost:52699/index.aspx 200 0 0 72
2016-03-09 02:18:15 ::1 GET /css/bootstrap.css - 52699 - ::1 Mozilla/5.0+(Windows+NT+10.0)+AppleWebKit/537.36+(KHTML,+like+Gecko)+Chrome/48.0.2564.116+Safari/537.36 http://localhost:52699/index.aspx 304 0 0 72
2016-03-09 02:18:15 ::1 GET /images/search.png - 52699 - ::1 Mozilla/5.0+(Windows+NT+10.0)+AppleWebKit/537.36+(KHTML,+like+Gecko)+Chrome/48.0.2564.116+Safari/537.36 http://localhost:52699/index.aspx 304 0 0 114
2016-03-09 02:18:15 ::1 GET /images/almond.jpg - 52699 - ::1 Mozilla/5.0+(Windows+NT+10.0)+AppleWebKit/537.36+(KHTML,+like+Gecko)+Chrome/48.0.2564.116+Safari/537.36 http://localhost:52699/index.aspx 304 0 0 49
2016-03-09 02:18:15 ::1 GET /images/rustica.jpg - 52699 - ::1 Mozilla/5.0+(Windows+NT+10.0)+AppleWebKit/537.36+(KHTML,+like+Gecko)+Chrome/48.0.2564.116+Safari/537.36 http://localhost:52699/index.aspx 304 0 0 49
2016-03-09 02:18:15 ::1 GET /images/loving_hut.jpg - 52699 - ::1 Mozilla/5.0+(Windows+NT+10.0)+AppleWebKit/537.36+(KHTML,+like+Gecko)+Chrome/48.0.2564.116+Safari/537.36 http://localhost:52699/index.aspx 304 0 0 79
2016-03-09 02:18:15 ::1 GET /images/famoso.jpg - 52699 - ::1 Mozilla/5.0+(Windows+NT+10.0)+AppleWebKit/537.36+(KHTML,+like+Gecko)+Chrome/48.0.2564.116+Safari/537.36 http://localhost:52699/index.aspx 404 0 2 79
2016-03-09 02:18:15 ::1 GET /images/moxie.jpg - 52699 - ::1 Mozilla/5.0+(Windows+NT+10.0)+AppleWebKit/537.36+(KHTML,+like+Gecko)+Chrome/48.0.2564.116+Safari/537.36 http://localhost:52699/index.aspx 304 0 0 112
2016-03-09 02:18:15 ::1 GET /images/feast.jpg - 52699 - ::1 Mozilla/5.0+(Windows+NT+10.0)+AppleWebKit/537.36+(KHTML,+like+Gecko)+Chrome/48.0.2564.116+Safari/537.36 http://localhost:52699/index.aspx 304 0 0 251
2016-03-09 02:18:15 ::1 GET /images/keg.jpg - 52699 - ::1 Mozilla/5.0+(Windows+NT+10.0)+AppleWebKit/537.36+(KHTML,+like+Gecko)+Chrome/48.0.2564.116+Safari/537.36 http://localhost:52699/index.aspx 304 0 0 202
2016-03-09 02:18:15 ::1 GET /images/sneaky.jpg - 52699 - ::1 Mozilla/5.0+(Windows+NT+10.0)+AppleWebKit/537.36+(KHTML,+like+Gecko)+Chrome/48.0.2564.116+Safari/537.36 http://localhost:52699/index.aspx 304 0 0 280
2016-03-09 02:18:15 ::1 GET /images/poutinis.jpg - 52699 - ::1 Mozilla/5.0+(Windows+NT+10.0)+AppleWebKit/537.36+(KHTML,+like+Gecko)+Chrome/48.0.2564.116+Safari/537.36 http://localhost:52699/index.aspx 304 0 0 250
2016-03-09 02:18:15 ::1 GET /images/pizzaiolo.jpg - 52699 - ::1 Mozilla/5.0+(Windows+NT+10.0)+AppleWebKit/537.36+(KHTML,+like+Gecko)+Chrome/48.0.2564.116+Safari/537.36 http://localhost:52699/index.aspx 304 0 0 277
2016-03-09 02:18:15 ::1 GET /images/swiss_chalet.jpg - 52699 - ::1 Mozilla/5.0+(Windows+NT+10.0)+AppleWebKit/537.36+(KHTML,+like+Gecko)+Chrome/48.0.2564.116+Safari/537.36 http://localhost:52699/index.aspx 304 0 0 259
2016-03-09 02:18:15 ::1 GET /images/food-salad-restaurant-person.jpg - 52699 - ::1 Mozilla/5.0+(Windows+NT+10.0)+AppleWebKit/537.36+(KHTML,+like+Gecko)+Chrome/48.0.2564.116+Safari/537.36 http://localhost:52699/index.aspx 304 0 0 160
2016-03-09 02:18:43 ::1 GET /index.aspx - 52699 - ::1 Mozilla/5.0+(Windows+NT+10.0)+AppleWebKit/537.36+(KHTML,+like+Gecko)+Chrome/48.0.2564.116+Safari/537.36 - 200 0 0 71
2016-03-09 02:18:43 ::1 GET /css/main.css - 52699 - ::1 Mozilla/5.0+(Windows+NT+10.0)+AppleWebKit/537.36+(KHTML,+like+Gecko)+Chrome/48.0.2564.116+Safari/537.36 http://localhost:52699/index.aspx 200 0 0 171
2016-03-09 02:18:43 ::1 GET /css/bootstrap.css - 52699 - ::1 Mozilla/5.0+(Windows+NT+10.0)+AppleWebKit/537.36+(KHTML,+like+Gecko)+Chrome/48.0.2564.116+Safari/537.36 http://localhost:52699/index.aspx 304 0 0 171
2016-03-09 02:18:43 ::1 GET /images/search.png - 52699 - ::1 Mozilla/5.0+(Windows+NT+10.0)+AppleWebKit/537.36+(KHTML,+like+Gecko)+Chrome/48.0.2564.116+Safari/537.36 http://localhost:52699/index.aspx 304 0 0 328
2016-03-09 02:18:43 ::1 GET /images/almond.jpg - 52699 - ::1 Mozilla/5.0+(Windows+NT+10.0)+AppleWebKit/537.36+(KHTML,+like+Gecko)+Chrome/48.0.2564.116+Safari/537.36 http://localhost:52699/index.aspx 304 0 0 157
2016-03-09 02:18:43 ::1 GET /images/rustica.jpg - 52699 - ::1 Mozilla/5.0+(Windows+NT+10.0)+AppleWebKit/537.36+(KHTML,+like+Gecko)+Chrome/48.0.2564.116+Safari/537.36 http://localhost:52699/index.aspx 304 0 0 463
2016-03-09 02:18:43 ::1 GET /images/famoso.jpg - 52699 - ::1 Mozilla/5.0+(Windows+NT+10.0)+AppleWebKit/537.36+(KHTML,+like+Gecko)+Chrome/48.0.2564.116+Safari/537.36 http://localhost:52699/index.aspx 404 0 2 464
2016-03-09 02:18:43 ::1 GET /images/loving_hut.jpg - 52699 - ::1 Mozilla/5.0+(Windows+NT+10.0)+AppleWebKit/537.36+(KHTML,+like+Gecko)+Chrome/48.0.2564.116+Safari/537.36 http://localhost:52699/index.aspx 304 0 0 608
2016-03-09 02:18:43 ::1 GET /images/moxie.jpg - 52699 - ::1 Mozilla/5.0+(Windows+NT+10.0)+AppleWebKit/537.36+(KHTML,+like+Gecko)+Chrome/48.0.2564.116+Safari/537.36 http://localhost:52699/index.aspx 304 0 0 608
2016-03-09 02:18:43 ::1 GET /images/feast.jpg - 52699 - ::1 Mozilla/5.0+(Windows+NT+10.0)+AppleWebKit/537.36+(KHTML,+like+Gecko)+Chrome/48.0.2564.116+Safari/537.36 http://localhost:52699/index.aspx 304 0 0 451
2016-03-09 02:18:44 ::1 GET /images/food-salad-restaurant-person.jpg - 52699 - ::1 Mozilla/5.0+(Windows+NT+10.0)+AppleWebKit/537.36+(KHTML,+like+Gecko)+Chrome/48.0.2564.116+Safari/537.36 http://localhost:52699/index.aspx 304 0 0 596
2016-03-09 02:18:44 ::1 GET /images/keg.jpg - 52699 - ::1 Mozilla/5.0+(Windows+NT+10.0)+AppleWebKit/537.36+(KHTML,+like+Gecko)+Chrome/48.0.2564.116+Safari/537.36 http://localhost:52699/index.aspx 304 0 0 290
2016-03-09 02:18:44 ::1 GET /images/sneaky.jpg - 52699 - ::1 Mozilla/5.0+(Windows+NT+10.0)+AppleWebKit/537.36+(KHTML,+like+Gecko)+Chrome/48.0.2564.116+Safari/537.36 http://localhost:52699/index.aspx 304 0 0 410
2016-03-09 02:18:44 ::1 GET /images/poutinis.jpg - 52699 - ::1 Mozilla/5.0+(Windows+NT+10.0)+AppleWebKit/537.36+(KHTML,+like+Gecko)+Chrome/48.0.2564.116+Safari/537.36 http://localhost:52699/index.aspx 304 0 0 347
2016-03-09 02:18:44 ::1 GET /images/pizzaiolo.jpg - 52699 - ::1 Mozilla/5.0+(Windows+NT+10.0)+AppleWebKit/537.36+(KHTML,+like+Gecko)+Chrome/48.0.2564.116+Safari/537.36 http://localhost:52699/index.aspx 304 0 0 478
2016-03-09 02:18:44 ::1 GET /images/swiss_chalet.jpg - 52699 - ::1 Mozilla/5.0+(Windows+NT+10.0)+AppleWebKit/537.36+(KHTML,+like+Gecko)+Chrome/48.0.2564.116+Safari/537.36 http://localhost:52699/index.aspx 304 0 0 560
2016-03-09 02:19:31 ::1 GET /index.aspx - 52699 - ::1 Mozilla/5.0+(Windows+NT+10.0)+AppleWebKit/537.36+(KHTML,+like+Gecko)+Chrome/48.0.2564.116+Safari/537.36 - 200 0 0 559
2016-03-09 02:19:31 ::1 GET /css/main.css - 52699 - ::1 Mozilla/5.0+(Windows+NT+10.0)+AppleWebKit/537.36+(KHTML,+like+Gecko)+Chrome/48.0.2564.116+Safari/537.36 http://localhost:52699/index.aspx 200 0 0 61
2016-03-09 02:19:31 ::1 GET /css/bootstrap.css - 52699 - ::1 Mozilla/5.0+(Windows+NT+10.0)+AppleWebKit/537.36+(KHTML,+like+Gecko)+Chrome/48.0.2564.116+Safari/537.36 http://localhost:52699/index.aspx 304 0 0 61
2016-03-09 02:19:31 ::1 GET /images/search.png - 52699 - ::1 Mozilla/5.0+(Windows+NT+10.0)+AppleWebKit/537.36+(KHTML,+like+Gecko)+Chrome/48.0.2564.116+Safari/537.36 http://localhost:52699/index.aspx 304 0 0 61
2016-03-09 02:19:31 ::1 GET /images/almond.jpg - 52699 - ::1 Mozilla/5.0+(Windows+NT+10.0)+AppleWebKit/537.36+(KHTML,+like+Gecko)+Chrome/48.0.2564.116+Safari/537.36 http://localhost:52699/index.aspx 304 0 64 48
2016-03-09 02:19:31 ::1 GET /images/rustica.jpg - 52699 - ::1 Mozilla/5.0+(Windows+NT+10.0)+AppleWebKit/537.36+(KHTML,+like+Gecko)+Chrome/48.0.2564.116+Safari/537.36 http://localhost:52699/index.aspx 304 0 64 48
2016-03-09 02:19:31 ::1 GET /images/famoso.jpg - 52699 - ::1 Mozilla/5.0+(Windows+NT+10.0)+AppleWebKit/537.36+(KHTML,+like+Gecko)+Chrome/48.0.2564.116+Safari/537.36 http://localhost:52699/index.aspx 404 0 2 112
2016-03-09 02:19:31 ::1 GET /images/loving_hut.jpg - 52699 - ::1 Mozilla/5.0+(Windows+NT+10.0)+AppleWebKit/537.36+(KHTML,+like+Gecko)+Chrome/48.0.2564.116+Safari/537.36 http://localhost:52699/index.aspx 304 0 64 112
2016-03-09 02:19:31 ::1 GET /images/moxie.jpg - 52699 - ::1 Mozilla/5.0+(Windows+NT+10.0)+AppleWebKit/537.36+(KHTML,+like+Gecko)+Chrome/48.0.2564.116+Safari/537.36 http://localhost:52699/index.aspx 304 0 64 112
2016-03-09 02:19:31 ::1 GET /images/feast.jpg - 52699 - ::1 Mozilla/5.0+(Windows+NT+10.0)+AppleWebKit/537.36+(KHTML,+like+Gecko)+Chrome/48.0.2564.116+Safari/537.36 http://localhost:52699/index.aspx 304 0 64 129
2016-03-09 02:19:31 ::1 GET /images/famoso.jpg - 52699 - ::1 Mozilla/5.0+(Windows+NT+10.0)+AppleWebKit/537.36+(KHTML,+like+Gecko)+Chrome/48.0.2564.116+Safari/537.36 http://localhost:52699/index.aspx 404 0 2 73
2016-03-09 02:19:31 ::1 GET /images/search.png - 52699 - ::1 Mozilla/5.0+(Windows+NT+10.0)+AppleWebKit/537.36+(KHTML,+like+Gecko)+Chrome/48.0.2564.116+Safari/537.36 http://localhost:52699/index.aspx 304 0 0 167
2016-03-09 02:19:31 ::1 GET /images/food-salad-restaurant-person.jpg - 52699 - ::1 Mozilla/5.0+(Windows+NT+10.0)+AppleWebKit/537.36+(KHTML,+like+Gecko)+Chrome/48.0.2564.116+Safari/537.36 http://localhost:52699/css/main.css 304 0 0 49
2016-03-09 02:19:31 ::1 GET /images/almond.jpg - 52699 - ::1 Mozilla/5.0+(Windows+NT+10.0)+AppleWebKit/537.36+(KHTML,+like+Gecko)+Chrome/48.0.2564.116+Safari/537.36 http://localhost:52699/index.aspx 200 0 0 162
2016-03-09 02:19:31 ::1 GET /images/rustica.jpg - 52699 - ::1 Mozilla/5.0+(Windows+NT+10.0)+AppleWebKit/537.36+(KHTML,+like+Gecko)+Chrome/48.0.2564.116+Safari/537.36 http://localhost:52699/index.aspx 200 0 0 164
2016-03-09 02:19:31 ::1 GET /images/loving_hut.jpg - 52699 - ::1 Mozilla/5.0+(Windows+NT+10.0)+AppleWebKit/537.36+(KHTML,+like+Gecko)+Chrome/48.0.2564.116+Safari/537.36 http://localhost:52699/index.aspx 200 0 0 164
2016-03-09 02:19:31 ::1 GET /images/moxie.jpg - 52699 - ::1 Mozilla/5.0+(Windows+NT+10.0)+AppleWebKit/537.36+(KHTML,+like+Gecko)+Chrome/48.0.2564.116+Safari/537.36 http://localhost:52699/index.aspx 200 0 0 164
2016-03-09 02:19:31 ::1 GET /images/feast.jpg - 52699 - ::1 Mozilla/5.0+(Windows+NT+10.0)+AppleWebKit/537.36+(KHTML,+like+Gecko)+Chrome/48.0.2564.116+Safari/537.36 http://localhost:52699/index.aspx 200 0 0 41
2016-03-09 02:19:32 ::1 GET /images/keg.jpg - 52699 - ::1 Mozilla/5.0+(Windows+NT+10.0)+AppleWebKit/537.36+(KHTML,+like+Gecko)+Chrome/48.0.2564.116+Safari/537.36 http://localhost:52699/index.aspx 304 0 0 202
2016-03-09 02:19:32 ::1 GET /images/sneaky.jpg - 52699 - ::1 Mozilla/5.0+(Windows+NT+10.0)+AppleWebKit/537.36+(KHTML,+like+Gecko)+Chrome/48.0.2564.116+Safari/537.36 http://localhost:52699/index.aspx 304 0 0 91
2016-03-09 02:19:32 ::1 GET /images/poutinis.jpg - 52699 - ::1 Mozilla/5.0+(Windows+NT+10.0)+AppleWebKit/537.36+(KHTML,+like+Gecko)+Chrome/48.0.2564.116+Safari/537.36 http://localhost:52699/index.aspx 304 0 0 429
2016-03-09 02:19:32 ::1 GET /images/pizzaiolo.jpg - 52699 - ::1 Mozilla/5.0+(Windows+NT+10.0)+AppleWebKit/537.36+(KHTML,+like+Gecko)+Chrome/48.0.2564.116+Safari/537.36 http://localhost:52699/index.aspx 304 0 0 429
2016-03-09 02:19:32 ::1 GET /images/swiss_chalet.jpg - 52699 - ::1 Mozilla/5.0+(Windows+NT+10.0)+AppleWebKit/537.36+(KHTML,+like+Gecko)+Chrome/48.0.2564.116+Safari/537.36 http://localhost:52699/index.aspx 304 0 0 541
