#Software: Microsoft Internet Information Services 10.0
#Version: 1.0
#Date: 2016-03-09 15:03:14
#Fields: date time s-ip cs-method cs-uri-stem cs-uri-query s-port cs-username c-ip cs(User-Agent) cs(Referer) sc-status sc-substatus sc-win32-status time-taken
2016-03-09 15:03:14 ::1 GET /Default.aspx - 49907 - ::1 Mozilla/5.0+(Windows+NT+10.0)+AppleWebKit/537.36+(KHTML,+like+Gecko)+Chrome/48.0.2564.116+Safari/537.36 - 200 0 0 34955
2016-03-09 15:03:14 ::1 GET /css/main.css - 49907 - ::1 Mozilla/5.0+(Windows+NT+10.0)+AppleWebKit/537.36+(KHTML,+like+Gecko)+Chrome/48.0.2564.116+Safari/537.36 http://localhost:49907/Default.aspx 200 0 0 173
2016-03-09 15:03:14 ::1 GET /css/docs.min.css - 49907 - ::1 Mozilla/5.0+(Windows+NT+10.0)+AppleWebKit/537.36+(KHTML,+like+Gecko)+Chrome/48.0.2564.116+Safari/537.36 http://localhost:49907/Default.aspx 200 0 0 173
2016-03-09 15:03:14 ::1 GET /css/bootstrap.css - 49907 - ::1 Mozilla/5.0+(Windows+NT+10.0)+AppleWebKit/537.36+(KHTML,+like+Gecko)+Chrome/48.0.2564.116+Safari/537.36 http://localhost:49907/Default.aspx 200 0 0 221
2016-03-09 15:03:14 ::1 GET /images/search.png - 49907 - ::1 Mozilla/5.0+(Windows+NT+10.0)+AppleWebKit/537.36+(KHTML,+like+Gecko)+Chrome/48.0.2564.116+Safari/537.36 http://localhost:49907/Default.aspx 200 0 0 391
2016-03-09 15:03:15 ::1 GET /images/almond.jpg - 49907 - ::1 Mozilla/5.0+(Windows+NT+10.0)+AppleWebKit/537.36+(KHTML,+like+Gecko)+Chrome/48.0.2564.116+Safari/537.36 http://localhost:49907/Default.aspx 200 0 0 349
2016-03-09 15:03:15 ::1 GET /images/rustica.jpg - 49907 - ::1 Mozilla/5.0+(Windows+NT+10.0)+AppleWebKit/537.36+(KHTML,+like+Gecko)+Chrome/48.0.2564.116+Safari/537.36 http://localhost:49907/Default.aspx 200 0 0 349
2016-03-09 15:03:15 ::1 GET /images/famoso.jpg - 49907 - ::1 Mozilla/5.0+(Windows+NT+10.0)+AppleWebKit/537.36+(KHTML,+like+Gecko)+Chrome/48.0.2564.116+Safari/537.36 http://localhost:49907/Default.aspx 200 0 0 807
2016-03-09 15:03:15 ::1 GET /images/loving_hut.jpg - 49907 - ::1 Mozilla/5.0+(Windows+NT+10.0)+AppleWebKit/537.36+(KHTML,+like+Gecko)+Chrome/48.0.2564.116+Safari/537.36 http://localhost:49907/Default.aspx 200 0 0 921
2016-03-09 15:03:15 ::1 GET /images/moxie.jpg - 49907 - ::1 Mozilla/5.0+(Windows+NT+10.0)+AppleWebKit/537.36+(KHTML,+like+Gecko)+Chrome/48.0.2564.116+Safari/537.36 http://localhost:49907/Default.aspx 200 0 0 1007
2016-03-09 15:03:16 ::1 GET /images/feast.jpg - 49907 - ::1 Mozilla/5.0+(Windows+NT+10.0)+AppleWebKit/537.36+(KHTML,+like+Gecko)+Chrome/48.0.2564.116+Safari/537.36 http://localhost:49907/Default.aspx 200 0 0 1153
2016-03-09 15:03:16 ::1 GET /images/sneaky.jpg - 49907 - ::1 Mozilla/5.0+(Windows+NT+10.0)+AppleWebKit/537.36+(KHTML,+like+Gecko)+Chrome/48.0.2564.116+Safari/537.36 http://localhost:49907/Default.aspx 200 0 0 942
2016-03-09 15:03:16 ::1 GET /images/keg.jpg - 49907 - ::1 Mozilla/5.0+(Windows+NT+10.0)+AppleWebKit/537.36+(KHTML,+like+Gecko)+Chrome/48.0.2564.116+Safari/537.36 http://localhost:49907/Default.aspx 200 0 0 1115
2016-03-09 15:03:16 ::1 GET /images/poutinis.jpg - 49907 - ::1 Mozilla/5.0+(Windows+NT+10.0)+AppleWebKit/537.36+(KHTML,+like+Gecko)+Chrome/48.0.2564.116+Safari/537.36 http://localhost:49907/Default.aspx 200 0 0 957
2016-03-09 15:03:16 ::1 GET /images/pizzaiolo.jpg - 49907 - ::1 Mozilla/5.0+(Windows+NT+10.0)+AppleWebKit/537.36+(KHTML,+like+Gecko)+Chrome/48.0.2564.116+Safari/537.36 http://localhost:49907/Default.aspx 200 0 0 794
2016-03-09 15:03:16 ::1 GET /images/swiss_chalet.jpg - 49907 - ::1 Mozilla/5.0+(Windows+NT+10.0)+AppleWebKit/537.36+(KHTML,+like+Gecko)+Chrome/48.0.2564.116+Safari/537.36 http://localhost:49907/Default.aspx 200 0 0 534
2016-03-09 15:03:28 ::1 GET /images/site_img/food-salad-restaurant-person.jpg - 49907 - ::1 Mozilla/5.0+(Windows+NT+10.0)+AppleWebKit/537.36+(KHTML,+like+Gecko)+Chrome/48.0.2564.116+Safari/537.36 http://localhost:49907/css/docs.min.css 200 0 0 12360
2016-03-09 15:03:30 ::1 GET /favicon.ico - 49907 - ::1 Mozilla/5.0+(Windows+NT+10.0)+AppleWebKit/537.36+(KHTML,+like+Gecko)+Chrome/48.0.2564.116+Safari/537.36 http://localhost:49907/Default.aspx 404 0 2 212
2016-03-09 15:03:43 ::1 GET /__browserLink/requestData/0b0c93ce3616437ba9aa7a663d005d4d version=2 49907 - ::1 Mozilla/5.0+(Windows+NT+10.0)+AppleWebKit/537.36+(KHTML,+like+Gecko)+Chrome/48.0.2564.116+Safari/537.36 http://localhost:49907/Default.aspx 200 0 0 1918
#Software: Microsoft Internet Information Services 10.0
#Version: 1.0
#Date: 2016-03-09 15:28:51
#Fields: date time s-ip cs-method cs-uri-stem cs-uri-query s-port cs-username c-ip cs(User-Agent) cs(Referer) sc-status sc-substatus sc-win32-status time-taken
2016-03-09 15:28:51 ::1 GET /css/main.css __browserLink_refresh=e622ff8de6ca46e9917b04d17631c221 49907 - ::1 Mozilla/5.0+(Windows+NT+10.0)+AppleWebKit/537.36+(KHTML,+like+Gecko)+Chrome/48.0.2564.116+Safari/537.36 http://localhost:49907/Default.aspx 200 0 0 406
2016-03-09 15:29:47 ::1 GET /css/main.css __browserLink_refresh=ca7b73d88c34413885510fdbb4ed126c 49907 - ::1 Mozilla/5.0+(Windows+NT+10.0)+AppleWebKit/537.36+(KHTML,+like+Gecko)+Chrome/48.0.2564.116+Safari/537.36 http://localhost:49907/Default.aspx 200 0 0 15
2016-03-09 15:30:03 ::1 GET /Default.aspx - 49907 - ::1 Mozilla/5.0+(Windows+NT+10.0)+AppleWebKit/537.36+(KHTML,+like+Gecko)+Chrome/48.0.2564.116+Safari/537.36 - 200 0 0 9297
2016-03-09 15:30:04 ::1 GET /css/main.css - 49907 - ::1 Mozilla/5.0+(Windows+NT+10.0)+AppleWebKit/537.36+(KHTML,+like+Gecko)+Chrome/48.0.2564.116+Safari/537.36 http://localhost:49907/Default.aspx 200 0 0 159
2016-03-09 15:30:04 ::1 GET /css/bootstrap.css - 49907 - ::1 Mozilla/5.0+(Windows+NT+10.0)+AppleWebKit/537.36+(KHTML,+like+Gecko)+Chrome/48.0.2564.116+Safari/537.36 http://localhost:49907/Default.aspx 304 0 0 159
2016-03-09 15:30:04 ::1 GET /css/docs.min.css - 49907 - ::1 Mozilla/5.0+(Windows+NT+10.0)+AppleWebKit/537.36+(KHTML,+like+Gecko)+Chrome/48.0.2564.116+Safari/537.36 http://localhost:49907/Default.aspx 304 0 0 202
2016-03-09 15:30:04 ::1 GET /images/search.png - 49907 - ::1 Mozilla/5.0+(Windows+NT+10.0)+AppleWebKit/537.36+(KHTML,+like+Gecko)+Chrome/48.0.2564.116+Safari/537.36 http://localhost:49907/Default.aspx 304 0 0 202
2016-03-09 15:30:04 ::1 GET /images/almond.jpg - 49907 - ::1 Mozilla/5.0+(Windows+NT+10.0)+AppleWebKit/537.36+(KHTML,+like+Gecko)+Chrome/48.0.2564.116+Safari/537.36 http://localhost:49907/Default.aspx 304 0 0 73
2016-03-09 15:30:04 ::1 GET /images/rustica.jpg - 49907 - ::1 Mozilla/5.0+(Windows+NT+10.0)+AppleWebKit/537.36+(KHTML,+like+Gecko)+Chrome/48.0.2564.116+Safari/537.36 http://localhost:49907/Default.aspx 304 0 0 108
2016-03-09 15:30:04 ::1 GET /images/loving_hut.jpg - 49907 - ::1 Mozilla/5.0+(Windows+NT+10.0)+AppleWebKit/537.36+(KHTML,+like+Gecko)+Chrome/48.0.2564.116+Safari/537.36 http://localhost:49907/Default.aspx 304 0 0 152
2016-03-09 15:30:04 ::1 GET /images/famoso.jpg - 49907 - ::1 Mozilla/5.0+(Windows+NT+10.0)+AppleWebKit/537.36+(KHTML,+like+Gecko)+Chrome/48.0.2564.116+Safari/537.36 http://localhost:49907/Default.aspx 304 0 0 152
2016-03-09 15:30:04 ::1 GET /images/moxie.jpg - 49907 - ::1 Mozilla/5.0+(Windows+NT+10.0)+AppleWebKit/537.36+(KHTML,+like+Gecko)+Chrome/48.0.2564.116+Safari/537.36 http://localhost:49907/Default.aspx 304 0 0 169
2016-03-09 15:30:04 ::1 GET /images/feast.jpg - 49907 - ::1 Mozilla/5.0+(Windows+NT+10.0)+AppleWebKit/537.36+(KHTML,+like+Gecko)+Chrome/48.0.2564.116+Safari/537.36 http://localhost:49907/Default.aspx 304 0 0 247
2016-03-09 15:30:04 ::1 GET /images/keg.jpg - 49907 - ::1 Mozilla/5.0+(Windows+NT+10.0)+AppleWebKit/537.36+(KHTML,+like+Gecko)+Chrome/48.0.2564.116+Safari/537.36 http://localhost:49907/Default.aspx 304 0 0 110
2016-03-09 15:30:04 ::1 GET /images/poutinis.jpg - 49907 - ::1 Mozilla/5.0+(Windows+NT+10.0)+AppleWebKit/537.36+(KHTML,+like+Gecko)+Chrome/48.0.2564.116+Safari/537.36 http://localhost:49907/Default.aspx 304 0 0 119
2016-03-09 15:30:04 ::1 GET /images/sneaky.jpg - 49907 - ::1 Mozilla/5.0+(Windows+NT+10.0)+AppleWebKit/537.36+(KHTML,+like+Gecko)+Chrome/48.0.2564.116+Safari/537.36 http://localhost:49907/Default.aspx 304 0 0 168
2016-03-09 15:30:04 ::1 GET /images/pizzaiolo.jpg - 49907 - ::1 Mozilla/5.0+(Windows+NT+10.0)+AppleWebKit/537.36+(KHTML,+like+Gecko)+Chrome/48.0.2564.116+Safari/537.36 http://localhost:49907/Default.aspx 304 0 0 119
2016-03-09 15:30:05 ::1 GET /images/swiss_chalet.jpg - 49907 - ::1 Mozilla/5.0+(Windows+NT+10.0)+AppleWebKit/537.36+(KHTML,+like+Gecko)+Chrome/48.0.2564.116+Safari/537.36 http://localhost:49907/Default.aspx 304 0 0 199
2016-03-09 15:30:05 ::1 GET /images/site_img/food-salad-restaurant-person.jpg - 49907 - ::1 Mozilla/5.0+(Windows+NT+10.0)+AppleWebKit/537.36+(KHTML,+like+Gecko)+Chrome/48.0.2564.116+Safari/537.36 http://localhost:49907/css/docs.min.css 304 0 0 264
2016-03-09 15:30:18 ::1 GET /__browserLink/requestData/1147d9f7fd48488ca21399b53486692a version=2 49907 - ::1 Mozilla/5.0+(Windows+NT+10.0)+AppleWebKit/537.36+(KHTML,+like+Gecko)+Chrome/48.0.2564.116+Safari/537.36 http://localhost:49907/Default.aspx 200 0 0 1142
2016-03-09 15:30:56 ::1 GET /Default.aspx - 49907 - ::1 Mozilla/5.0+(Windows+NT+10.0)+AppleWebKit/537.36+(KHTML,+like+Gecko)+Chrome/48.0.2564.116+Safari/537.36 - 200 0 0 727
2016-03-09 15:30:56 ::1 GET /css/bootstrap.css - 49907 - ::1 Mozilla/5.0+(Windows+NT+10.0)+AppleWebKit/537.36+(KHTML,+like+Gecko)+Chrome/48.0.2564.116+Safari/537.36 http://localhost:49907/Default.aspx 304 0 0 52
2016-03-09 15:30:56 ::1 GET /css/main.css - 49907 - ::1 Mozilla/5.0+(Windows+NT+10.0)+AppleWebKit/537.36+(KHTML,+like+Gecko)+Chrome/48.0.2564.116+Safari/537.36 http://localhost:49907/Default.aspx 200 0 0 52
2016-03-09 15:30:56 ::1 GET /css/docs.min.css - 49907 - ::1 Mozilla/5.0+(Windows+NT+10.0)+AppleWebKit/537.36+(KHTML,+like+Gecko)+Chrome/48.0.2564.116+Safari/537.36 http://localhost:49907/Default.aspx 304 0 0 21
2016-03-09 15:30:56 ::1 GET /images/search.png - 49907 - ::1 Mozilla/5.0+(Windows+NT+10.0)+AppleWebKit/537.36+(KHTML,+like+Gecko)+Chrome/48.0.2564.116+Safari/537.36 http://localhost:49907/Default.aspx 304 0 0 21
2016-03-09 15:30:56 ::1 GET /images/almond.jpg - 49907 - ::1 Mozilla/5.0+(Windows+NT+10.0)+AppleWebKit/537.36+(KHTML,+like+Gecko)+Chrome/48.0.2564.116+Safari/537.36 http://localhost:49907/Default.aspx 304 0 0 81
2016-03-09 15:30:56 ::1 GET /images/rustica.jpg - 49907 - ::1 Mozilla/5.0+(Windows+NT+10.0)+AppleWebKit/537.36+(KHTML,+like+Gecko)+Chrome/48.0.2564.116+Safari/537.36 http://localhost:49907/Default.aspx 304 0 0 121
2016-03-09 15:30:56 ::1 GET /images/famoso.jpg - 49907 - ::1 Mozilla/5.0+(Windows+NT+10.0)+AppleWebKit/537.36+(KHTML,+like+Gecko)+Chrome/48.0.2564.116+Safari/537.36 http://localhost:49907/Default.aspx 304 0 0 121
2016-03-09 15:30:56 ::1 GET /images/loving_hut.jpg - 49907 - ::1 Mozilla/5.0+(Windows+NT+10.0)+AppleWebKit/537.36+(KHTML,+like+Gecko)+Chrome/48.0.2564.116+Safari/537.36 http://localhost:49907/Default.aspx 304 0 0 145
2016-03-09 15:30:56 ::1 GET /images/moxie.jpg - 49907 - ::1 Mozilla/5.0+(Windows+NT+10.0)+AppleWebKit/537.36+(KHTML,+like+Gecko)+Chrome/48.0.2564.116+Safari/537.36 http://localhost:49907/Default.aspx 304 0 0 182
2016-03-09 15:30:56 ::1 GET /images/feast.jpg - 49907 - ::1 Mozilla/5.0+(Windows+NT+10.0)+AppleWebKit/537.36+(KHTML,+like+Gecko)+Chrome/48.0.2564.116+Safari/537.36 http://localhost:49907/Default.aspx 304 0 0 182
2016-03-09 15:30:56 ::1 GET /images/keg.jpg - 49907 - ::1 Mozilla/5.0+(Windows+NT+10.0)+AppleWebKit/537.36+(KHTML,+like+Gecko)+Chrome/48.0.2564.116+Safari/537.36 http://localhost:49907/Default.aspx 304 0 0 244
2016-03-09 15:30:56 ::1 GET /images/sneaky.jpg - 49907 - ::1 Mozilla/5.0+(Windows+NT+10.0)+AppleWebKit/537.36+(KHTML,+like+Gecko)+Chrome/48.0.2564.116+Safari/537.36 http://localhost:49907/Default.aspx 304 0 0 204
2016-03-09 15:30:57 ::1 GET /images/poutinis.jpg - 49907 - ::1 Mozilla/5.0+(Windows+NT+10.0)+AppleWebKit/537.36+(KHTML,+like+Gecko)+Chrome/48.0.2564.116+Safari/537.36 http://localhost:49907/Default.aspx 304 0 0 338
2016-03-09 15:30:57 ::1 GET /images/pizzaiolo.jpg - 49907 - ::1 Mozilla/5.0+(Windows+NT+10.0)+AppleWebKit/537.36+(KHTML,+like+Gecko)+Chrome/48.0.2564.116+Safari/537.36 http://localhost:49907/Default.aspx 304 0 0 314
2016-03-09 15:30:57 ::1 GET /images/swiss_chalet.jpg - 49907 - ::1 Mozilla/5.0+(Windows+NT+10.0)+AppleWebKit/537.36+(KHTML,+like+Gecko)+Chrome/48.0.2564.116+Safari/537.36 http://localhost:49907/Default.aspx 304 0 0 399
2016-03-09 15:30:57 ::1 GET /images/site_img/food-salad-restaurant-person.jpg - 49907 - ::1 Mozilla/5.0+(Windows+NT+10.0)+AppleWebKit/537.36+(KHTML,+like+Gecko)+Chrome/48.0.2564.116+Safari/537.36 http://localhost:49907/Default.aspx 304 0 0 411
2016-03-09 15:31:00 ::1 GET /__browserLink/requestData/d5d677ad85944dfeb924a8980e8992fa version=2 49907 - ::1 Mozilla/5.0+(Windows+NT+10.0)+AppleWebKit/537.36+(KHTML,+like+Gecko)+Chrome/48.0.2564.116+Safari/537.36 http://localhost:49907/Default.aspx 200 0 0 771
2016-03-09 15:31:39 ::1 GET /css/main.css - 49907 - ::1 Mozilla/5.0+(Windows+NT+10.0)+AppleWebKit/537.36+(KHTML,+like+Gecko)+Chrome/48.0.2564.116+Safari/537.36 http://localhost:49907/Default.aspx 304 0 0 376
2016-03-09 15:31:39 ::1 GET /css/docs.min.css.map - 49907 - ::1 Mozilla/5.0+(Windows+NT+10.0)+AppleWebKit/537.36+(KHTML,+like+Gecko)+Chrome/48.0.2564.116+Safari/537.36 - 404 0 2 235
2016-03-09 15:31:39 ::1 GET /css/bootstrap.css.map - 49907 - ::1 Mozilla/5.0+(Windows+NT+10.0)+AppleWebKit/537.36+(KHTML,+like+Gecko)+Chrome/48.0.2564.116+Safari/537.36 - 200 0 0 484
2016-03-09 15:32:59 ::1 GET /css/docs.min.css.map - 49907 - ::1 Mozilla/5.0+(Windows+NT+10.0)+AppleWebKit/537.36+(KHTML,+like+Gecko)+Chrome/48.0.2564.116+Safari/537.36 - 404 0 2 561
2016-03-09 15:33:06 ::1 GET /css/docs.min.css.map - 49907 - ::1 Mozilla/5.0+(Windows+NT+10.0)+AppleWebKit/537.36+(KHTML,+like+Gecko)+Chrome/48.0.2564.116+Safari/537.36 - 404 0 2 110
2016-03-09 15:34:09 ::1 GET /css/main.css __browserLink_refresh=d3473c2abe894c9db3704d08d9a53bc7 49907 - ::1 Mozilla/5.0+(Windows+NT+10.0)+AppleWebKit/537.36+(KHTML,+like+Gecko)+Chrome/48.0.2564.116+Safari/537.36 http://localhost:49907/Default.aspx 200 0 0 42
2016-03-09 15:35:18 ::1 GET /Default.aspx - 49907 - ::1 Mozilla/5.0+(Windows+NT+10.0)+AppleWebKit/537.36+(KHTML,+like+Gecko)+Chrome/48.0.2564.116+Safari/537.36 - 200 0 0 3877
2016-03-09 15:35:18 ::1 GET /css/main.css - 49907 - ::1 Mozilla/5.0+(Windows+NT+10.0)+AppleWebKit/537.36+(KHTML,+like+Gecko)+Chrome/48.0.2564.116+Safari/537.36 http://localhost:49907/Default.aspx 200 0 0 29
2016-03-09 15:35:18 ::1 GET /css/docs.min.css - 49907 - ::1 Mozilla/5.0+(Windows+NT+10.0)+AppleWebKit/537.36+(KHTML,+like+Gecko)+Chrome/48.0.2564.116+Safari/537.36 http://localhost:49907/Default.aspx 304 0 0 43
2016-03-09 15:35:18 ::1 GET /css/bootstrap.css - 49907 - ::1 Mozilla/5.0+(Windows+NT+10.0)+AppleWebKit/537.36+(KHTML,+like+Gecko)+Chrome/48.0.2564.116+Safari/537.36 http://localhost:49907/Default.aspx 304 0 0 81
2016-03-09 15:35:18 ::1 GET /images/search.png - 49907 - ::1 Mozilla/5.0+(Windows+NT+10.0)+AppleWebKit/537.36+(KHTML,+like+Gecko)+Chrome/48.0.2564.116+Safari/537.36 http://localhost:49907/Default.aspx 304 0 0 126
2016-03-09 15:35:19 ::1 GET /images/almond.jpg - 49907 - ::1 Mozilla/5.0+(Windows+NT+10.0)+AppleWebKit/537.36+(KHTML,+like+Gecko)+Chrome/48.0.2564.116+Safari/537.36 http://localhost:49907/Default.aspx 304 0 0 244
2016-03-09 15:35:19 ::1 GET /images/rustica.jpg - 49907 - ::1 Mozilla/5.0+(Windows+NT+10.0)+AppleWebKit/537.36+(KHTML,+like+Gecko)+Chrome/48.0.2564.116+Safari/537.36 http://localhost:49907/Default.aspx 304 0 0 319
2016-03-09 15:35:19 ::1 GET /images/loving_hut.jpg - 49907 - ::1 Mozilla/5.0+(Windows+NT+10.0)+AppleWebKit/537.36+(KHTML,+like+Gecko)+Chrome/48.0.2564.116+Safari/537.36 http://localhost:49907/Default.aspx 304 0 0 409
2016-03-09 15:35:19 ::1 GET /images/feast.jpg - 49907 - ::1 Mozilla/5.0+(Windows+NT+10.0)+AppleWebKit/537.36+(KHTML,+like+Gecko)+Chrome/48.0.2564.116+Safari/537.36 http://localhost:49907/Default.aspx 304 0 0 520
2016-03-09 15:35:19 ::1 GET /images/famoso.jpg - 49907 - ::1 Mozilla/5.0+(Windows+NT+10.0)+AppleWebKit/537.36+(KHTML,+like+Gecko)+Chrome/48.0.2564.116+Safari/537.36 http://localhost:49907/Default.aspx 304 0 0 587
2016-03-09 15:35:19 ::1 GET /images/moxie.jpg - 49907 - ::1 Mozilla/5.0+(Windows+NT+10.0)+AppleWebKit/537.36+(KHTML,+like+Gecko)+Chrome/48.0.2564.116+Safari/537.36 http://localhost:49907/Default.aspx 304 0 0 587
2016-03-09 15:35:19 ::1 GET /images/site_img/food-salad-restaurant-person.jpg - 49907 - ::1 Mozilla/5.0+(Windows+NT+10.0)+AppleWebKit/537.36+(KHTML,+like+Gecko)+Chrome/48.0.2564.116+Safari/537.36 http://localhost:49907/Default.aspx 304 0 0 551
2016-03-09 15:35:19 ::1 GET /images/sneaky.jpg - 49907 - ::1 Mozilla/5.0+(Windows+NT+10.0)+AppleWebKit/537.36+(KHTML,+like+Gecko)+Chrome/48.0.2564.116+Safari/537.36 http://localhost:49907/Default.aspx 304 0 0 653
2016-03-09 15:35:19 ::1 GET /images/keg.jpg - 49907 - ::1 Mozilla/5.0+(Windows+NT+10.0)+AppleWebKit/537.36+(KHTML,+like+Gecko)+Chrome/48.0.2564.116+Safari/537.36 http://localhost:49907/Default.aspx 304 0 0 743
2016-03-09 15:35:19 ::1 GET /images/poutinis.jpg - 49907 - ::1 Mozilla/5.0+(Windows+NT+10.0)+AppleWebKit/537.36+(KHTML,+like+Gecko)+Chrome/48.0.2564.116+Safari/537.36 http://localhost:49907/Default.aspx 304 0 0 616
2016-03-09 15:35:19 ::1 GET /images/pizzaiolo.jpg - 49907 - ::1 Mozilla/5.0+(Windows+NT+10.0)+AppleWebKit/537.36+(KHTML,+like+Gecko)+Chrome/48.0.2564.116+Safari/537.36 http://localhost:49907/Default.aspx 304 0 0 617
2016-03-09 15:35:20 ::1 GET /images/swiss_chalet.jpg - 49907 - ::1 Mozilla/5.0+(Windows+NT+10.0)+AppleWebKit/537.36+(KHTML,+like+Gecko)+Chrome/48.0.2564.116+Safari/537.36 http://localhost:49907/Default.aspx 304 0 0 825
2016-03-09 15:35:26 ::1 GET /__browserLink/requestData/f7f3d1f4d17f44a796d61789c62919f7 version=2 49907 - ::1 Mozilla/5.0+(Windows+NT+10.0)+AppleWebKit/537.36+(KHTML,+like+Gecko)+Chrome/48.0.2564.116+Safari/537.36 http://localhost:49907/Default.aspx 200 0 0 840
2016-03-09 15:36:19 ::1 GET /css/main.css __browserLink_refresh=991f717c418c4552a71a116dc7063934 49907 - ::1 Mozilla/5.0+(Windows+NT+10.0)+AppleWebKit/537.36+(KHTML,+like+Gecko)+Chrome/48.0.2564.116+Safari/537.36 http://localhost:49907/Default.aspx 200 0 0 46
2016-03-09 15:38:09 ::1 GET /Default.aspx - 49907 - ::1 Mozilla/5.0+(Windows+NT+10.0)+AppleWebKit/537.36+(KHTML,+like+Gecko)+Chrome/48.0.2564.116+Safari/537.36 - 200 0 0 4323
2016-03-09 15:38:09 ::1 GET /css/main.css - 49907 - ::1 Mozilla/5.0+(Windows+NT+10.0)+AppleWebKit/537.36+(KHTML,+like+Gecko)+Chrome/48.0.2564.116+Safari/537.36 http://localhost:49907/Default.aspx 200 0 0 59
2016-03-09 15:38:09 ::1 GET /css/bootstrap.css - 49907 - ::1 Mozilla/5.0+(Windows+NT+10.0)+AppleWebKit/537.36+(KHTML,+like+Gecko)+Chrome/48.0.2564.116+Safari/537.36 http://localhost:49907/Default.aspx 304 0 0 95
2016-03-09 15:38:09 ::1 GET /css/docs.min.css - 49907 - ::1 Mozilla/5.0+(Windows+NT+10.0)+AppleWebKit/537.36+(KHTML,+like+Gecko)+Chrome/48.0.2564.116+Safari/537.36 http://localhost:49907/Default.aspx 304 0 0 95
2016-03-09 15:38:09 ::1 GET /images/search.png - 49907 - ::1 Mozilla/5.0+(Windows+NT+10.0)+AppleWebKit/537.36+(KHTML,+like+Gecko)+Chrome/48.0.2564.116+Safari/537.36 http://localhost:49907/Default.aspx 304 0 0 218
2016-03-09 15:38:09 ::1 GET /images/almond.jpg - 49907 - ::1 Mozilla/5.0+(Windows+NT+10.0)+AppleWebKit/537.36+(KHTML,+like+Gecko)+Chrome/48.0.2564.116+Safari/537.36 http://localhost:49907/Default.aspx 304 0 0 217
2016-03-09 15:38:09 ::1 GET /images/famoso.jpg - 49907 - ::1 Mozilla/5.0+(Windows+NT+10.0)+AppleWebKit/537.36+(KHTML,+like+Gecko)+Chrome/48.0.2564.116+Safari/537.36 http://localhost:49907/Default.aspx 304 0 0 217
2016-03-09 15:38:09 ::1 GET /images/rustica.jpg - 49907 - ::1 Mozilla/5.0+(Windows+NT+10.0)+AppleWebKit/537.36+(KHTML,+like+Gecko)+Chrome/48.0.2564.116+Safari/537.36 http://localhost:49907/Default.aspx 304 0 0 217
2016-03-09 15:38:09 ::1 GET /images/loving_hut.jpg - 49907 - ::1 Mozilla/5.0+(Windows+NT+10.0)+AppleWebKit/537.36+(KHTML,+like+Gecko)+Chrome/48.0.2564.116+Safari/537.36 http://localhost:49907/Default.aspx 304 0 0 217
2016-03-09 15:38:10 ::1 GET /images/moxie.jpg - 49907 - ::1 Mozilla/5.0+(Windows+NT+10.0)+AppleWebKit/537.36+(KHTML,+like+Gecko)+Chrome/48.0.2564.116+Safari/537.36 http://localhost:49907/Default.aspx 304 0 0 480
2016-03-09 15:38:10 ::1 GET /images/feast.jpg - 49907 - ::1 Mozilla/5.0+(Windows+NT+10.0)+AppleWebKit/537.36+(KHTML,+like+Gecko)+Chrome/48.0.2564.116+Safari/537.36 http://localhost:49907/Default.aspx 304 0 0 528
2016-03-09 15:38:10 ::1 GET /images/site_img/food-salad-restaurant-person.jpg - 49907 - ::1 Mozilla/5.0+(Windows+NT+10.0)+AppleWebKit/537.36+(KHTML,+like+Gecko)+Chrome/48.0.2564.116+Safari/537.36 http://localhost:49907/Default.aspx 304 0 0 643
2016-03-09 15:38:10 ::1 GET /images/sneaky.jpg - 49907 - ::1 Mozilla/5.0+(Windows+NT+10.0)+AppleWebKit/537.36+(KHTML,+like+Gecko)+Chrome/48.0.2564.116+Safari/537.36 http://localhost:49907/Default.aspx 304 0 0 860
2016-03-09 15:38:10 ::1 GET /images/keg.jpg - 49907 - ::1 Mozilla/5.0+(Windows+NT+10.0)+AppleWebKit/537.36+(KHTML,+like+Gecko)+Chrome/48.0.2564.116+Safari/537.36 http://localhost:49907/Default.aspx 304 0 0 860
2016-03-09 15:38:10 ::1 GET /images/poutinis.jpg - 49907 - ::1 Mozilla/5.0+(Windows+NT+10.0)+AppleWebKit/537.36+(KHTML,+like+Gecko)+Chrome/48.0.2564.116+Safari/537.36 http://localhost:49907/Default.aspx 304 0 0 875
2016-03-09 15:38:10 ::1 GET /images/pizzaiolo.jpg - 49907 - ::1 Mozilla/5.0+(Windows+NT+10.0)+AppleWebKit/537.36+(KHTML,+like+Gecko)+Chrome/48.0.2564.116+Safari/537.36 http://localhost:49907/Default.aspx 304 0 0 686
2016-03-09 15:38:10 ::1 GET /images/swiss_chalet.jpg - 49907 - ::1 Mozilla/5.0+(Windows+NT+10.0)+AppleWebKit/537.36+(KHTML,+like+Gecko)+Chrome/48.0.2564.116+Safari/537.36 http://localhost:49907/Default.aspx 304 0 0 904
2016-03-09 15:38:12 ::1 GET /__browserLink/requestData/0543834d9dd3475091a8921d081d6021 version=2 49907 - ::1 Mozilla/5.0+(Windows+NT+10.0)+AppleWebKit/537.36+(KHTML,+like+Gecko)+Chrome/48.0.2564.116+Safari/537.36 http://localhost:49907/Default.aspx 200 0 0 734
2016-03-09 15:43:42 ::1 POST /Default.aspx - 49907 - ::1 Mozilla/5.0+(Windows+NT+10.0)+AppleWebKit/537.36+(KHTML,+like+Gecko)+Chrome/48.0.2564.116+Safari/537.36 http://localhost:49907/Default.aspx 200 0 0 1892
2016-03-09 15:43:42 ::1 GET /css/main.css - 49907 - ::1 Mozilla/5.0+(Windows+NT+10.0)+AppleWebKit/537.36+(KHTML,+like+Gecko)+Chrome/48.0.2564.116+Safari/537.36 http://localhost:49907/Default.aspx 304 0 0 84
2016-03-09 15:43:42 ::1 GET /__browserLink/requestData/c52ee311ec094fd68cec5491793301ad version=2 49907 - ::1 Mozilla/5.0+(Windows+NT+10.0)+AppleWebKit/537.36+(KHTML,+like+Gecko)+Chrome/48.0.2564.116+Safari/537.36 http://localhost:49907/Default.aspx 200 0 0 47
